node   1  (   0,    0) (   4,    3) (   5,    4) (   3,    3) (   3,    3) (   3,    3) (   3,    3) (   1,    1) (   3,    3) (   4,    4)
          (   2,    2) (   2,    2) (   2,    2) (   3,    3) (   3,    3) (   1,    1) (   2,    2) (   2,    2) (   1,    1) (   1,    1)
          (   1,    1) (   1,    1) (   2,    2) (   2,    2) (   1,    1) (   2,    2) (   2,    2) (   2,    2) (   2,    2) (   1,    1)
          (   2,    2) (   1,    1) (   4,    4) (   3,    3) (   2,    2) (   3,    3) (   2,    2) (   3,    3) (   3,    3) (   2,    2)
          (   2,    2) (   1,    1) (   3,    3) (   2,    2) (   3,    3) (   2,    2) (   2,    2) (   3,    3) (   2,    2) (   2,    2)
          (   2,    2) (   2,    2) (   2,    2) (   2,    2) (   2,    2) (   1,    1) (   2,    2) (   1,    1) (   1,    1) (   1,    1)
          (   5,    5) (   1,    1) (   1,    1) (   2,    2) (   2,    2) (   2,    2) (   3,    3) (   3,    3) (   2,    2) (   2,    2)
          (   3,    3) (   2,    2) (   2,    2) (   3,    3) (   2,    2) (   1,    1) (   2,    2) (   2,    2) (   3,    3) (   2,    2)
          (   3,    3) (   2,    2) (   1,    1) (   2,    2) (   1,    1) (   4,    4) (   1,    1) (   2,    2) (   2,    2) (   3,    3)
          (   3,    3) (   2,    2) (   3,    3) (   2,    2) (   1,    1) (   2,    2) (   1,    1) (   2,    2) (   1,    1) (   3,    3)
          (   1,    1) (   2,    2) (   1,    0) (   1,    1) (   2,    2) (   1,    1) (   1,    0) (   2,    2) (   1,    0) (   1,    0)
          (   2,    2) (   1,    0) (   2,    2) (   2,    1) (   2,    2) (   1,    1) (   2,    1) (   1,    0) (   1,    0) (   1,    0)
          (   1,    0) (   2,    1) (   4,    4) (   2,    2) (   2,    1) (   1,    0) (   1,    0) (   1,    1) (   2,    2) (   2,    1)
          (   1,    1) (   3,    3) (   2,    2) (   3,    3) (   5,    5) (   1,    1) (   1,    1) (   2,    2) (   3,    3) (   2,    2)
          (   3,    3) (   1,    1) (   4,    4) (   1,    1) (   2,    2) (   1,    1) (   2,    2) (   3,    3) (   4,    4) (   2,    2)
          (   3,    3) (   1,    1) (   3,    3) (   1,    1) (   2,    2) (   4,    4) (   1,    1) (   2,    2) (   2,    2) (   1,    1)
          (   1,    1) (   1,    1) (   2,    2) (   3,    3) (   1,    1) (   1,    1) (   3,    3) (   3,    3) (   1,    1) (   4,    4)
          (   3,    3) (   1,    1) (   3,    3) (   2,    2) (   3,    3) (   2,    2) (   1,    1) (   1,    1) (   1,    1) (   2,    2)
          (   2,    2) (   1,    1) (   2,    2) (   2,    2) (   3,    3) (   2,    2) (   4,    4) (   1,    1) (   3,    3) (   2,    2)
          (   3,    3) (   1,    1) (   2,    2) (   3,    3) (   1,    1) (   2,    2) (   2,    2) (   4,    4) (   3,    3) (   1,    1)
          (   2,    2) (   2,    2) (   4,    4) (   3,    3) (   1,    1) (   2,    2) (   3,    3) (   3,    3) (   4,    4) (   4,    4)
          (   1,    1) (   2,    2) (   1,    1) (   3,    3) (   2,    2) (   3,    3) (   1,    1) (   1,    1) (   3,    3) (   3,    3)
          (   2,    2) (   1,    1) (   2,    2) (   1,    1) (   3,    3) (   1,    1) (   2,    2) (   2,    2) (   2,    2) (   3,    3)
          (   1,    1) (   1,    1) (   3,    3) (   2,    2) (   1,    1) (   2,    2) (   3,    3) (   3,    3) (   2,    2) (   2,    2)
          (   2,    2) (   2,    2) (   1,    1) (   1,    1) (   1,    1) (   2,    2) (   1,    1) (   2,    2) (   1,    1) (   2,    2)
          (   2,    2) (   1,    1) (   1,    1) (   2,    2) (   1,    1) (   2,    2) (   2,    2) (   1,    1) (   2,    2) (   2,    2)
          (   5,    5) (   1,    1) (   1,    1) (   1,    1) (   2,    2) (   2,    2) (   3,    3) (   2,    2) (   3,    3) (   1,    1)
          (   2,    2) (   2,    2) (   2,    2) (   2,    2) (   2,    2) (   1,    1) (   4,    4) (   3,    3) (   1,    1) (   3,    3)
          (   2,    2) (   2,    2) (   2,    2) (   4,    4) (   2,    2) (   1,    1) (   3,    3) (   3,    3) (   1,    1) (   1,    1)
          (   2,    2) (   2,    2) (   3,    3) (   1,    1) (   2,    2) (   2,    2) (   1,    1) (   1,    1) (   4,    4) (   1,    1)
          (   1,    1) (   2,    2) (   1,    1) (   3,    3) (   2,    2) (   3,    3) (   3,    3) (   2,    2) (   2,    2) (   2,    2)
          (   1,    1) (   1,    1) (   1,    1) (   2,    2) (   2,    2) (   2,    2) (   1,    1) (   1,    1) (   2,    2) (   3,    3)
          (   2,    2) (   2,    2) (   3,    3) (   2,    2) (   1,    1) (   1,    1) (   3,    3) (   1,    1) (   2,    2) (   2,    2)
          (   2,    2) (   2,    2) (   1,    1) (   2,    2) (   1,    1) (   1,    1) (   2,    2) (   3,    3) (   1,    1) (   1,    1)
          (   2,    2) (   2,    2) (   3,    3) (   1,    1) (   2,    2) (   1,    1) (   1,    1) (   3,    3) (   2,    2) (   2,    2)
          (   2,    2) (   4,    4) (   4,    4) (   1,    1) (   2,    2) (   4,    4) (   2,    2) (   4,    4) (   3,    3) (   2,    2)
          (   2,    2) (   2,    2) (   2,    2) (   3,    3) (   1,    1) (   1,    1) (   5,    5) (   1,    1) (   2,    2) (   2,    2)
          (   2,    2) (   2,    2) (   2,    2) (   2,    2) (   3,    3) (   1,    1) (   1,    1) (   1,    1) (   3,    3) (   2,    2)
          (   1,    1) (   2,    2) (   3,    3) (   2,    2) (   1,    1) (   2,    2) (   1,    1) (   1,    1) (   4,    4) (   3,    3)
          (   2,    2) (   3,    3) (   3,    3) (   2,    2) (   2,    2) (   1,    1) (   2,    2) (   2,    2) (   1,    1) (   2,    2)
          (   2,    2) (   1,    1) (   1,    1) (   2,    2) (   3,    3) (   4,    4) (   2,    2) (   1,    1) (   2,    2) (   2,    2)
          (   1,    1) (   3,    3) (   2,    2) (   3,    3) (   3,    3) (   2,    2) (   3,    3) (   2,    2) (   2,    2) (   1,    1)
          (   2,    2) (   1,    1) (   4,    4) (   3,    3) (   2,    2) (   2,    2) (   2,    2) (   1,    1) (   2,    2) (   1,    1)
          (   2,    2) (   1,    1) (   1,    1) (   4,    4) (   3,    3) (   1,    1) (   1,    1) (   1,    1) (   3,    3) (   3,    3)
          (   3,    3) (   2,    2) (   1,    1) (   1,    1) (   1,    1) (   2,    2) (   1,    1) (   4,    4) (   2,    2) (   4,    4)
          (   2,    2) (   1,    1) (   3,    3) (   2,    2) (   3,    3) (   1,    1) (   2,    2) (   1,    1) (   2,    2) (   2,    2)
          (   2,    2) (   2,    2) (   3,    3) (   2,    2) (   3,    3) (   3,    3) (   1,    1) (   3,    3) (   1,    1) (   3,    3)
          (   2,    2) (   3,    3) (   1,    1) (   2,    2) (   2,    2) (   2,    2) (   1,    1) (   1,    1) (   2,    2) (   2,    2)
          (   3,    3) (   2,    2) (   3,    3) (   2,    2) (   1,    1) (   1,    1) (   1,    1) (   1,    1) (   2,    2) (   2,    2)
          (   2,    2) (   1,    1) (   2,    2) (   1,    1) (   3,    3) (   1,    1) (   2,    2) (   2,    2) (   3,    3) (   2,    2)
          (   1,    1) (   1,    1) (   3,    3) (   3,    3) (   1,    1) (   1,    1) (   2,    2) (   1,    1) (   1,    1) (   3,    3)
          (   2,    2) (   2,    2) (   1,    1) (   3,    3) (   1,    1) (   1,    1) (   2,    2) (   1,    1) (   3,    3) (   2,    2)
          (   2,    2) (   2,    2) (   2,    2) (   2,    2) (   2,    2) (   3,    3) (   2,    2) (   2,    2) (   1,    1) (   1,    1)
          (   3,    3) (   1,    1) (   2,    2) (   1,    1) (   4,    4) (   2,    2) (   4,    4) (   1,    1) (   2,    2) (   1,    1)
          (   2,    2) (   2,    2) (   2,    2) (   3,    3) (   1,    1) (   1,    1) (   3,    3) (   2,    2) (   3,    3) (   2,    2)
          (   2,    2) (   2,    2) (   2,    2) (   1,    1) (   2,    2) (   1,    1) (   3,    3) (   2,    2) (   1,    1) (   1,    1)
          (   1,    1) (   2,    2) (   3,    3) (   3,    3) (   2,    2) (   1,    1) (   2,    2) (   4,    4) (   4,    4) (   2,    2)
          (   3,    3) (   1,    1) (   5,    5) (   1,    1) (   1,    1) (   2,    2) (   2,    2) (   2,    2) (   1,    1) (   3,    3)
          (   1,    1) (   2,    2) (   1,    1) (   1,    1) (   2,    2) (   2,    2) (   1,    1) (   2,    2) (   3,    3) (   1,    1)
          (   1,    1) (   1,    1) (   2,    2) (   2,    2) (   1,    1) (   2,    2) (   1,    1) (   4,    4) (   1,    1) (   2,    2)
          (   2,    2) (   2,    2) (   1,    1) (   1,    1) (   2,    2) (   3,    3) (   1,    1) (   2,    2) (   2,    2) (   2,    2)
          (   2,    2) (   1,    1) (   2,    2) (   3,    3) (   1,    1) (   2,    2) (   2,    2) (   3,    3) (   2,    2) (   1,    1)
          (   1,    1) (   2,    2) (   3,    3) (   2,    2) (   3,    3) (   3,    3) (   3,    3) (   2,    2) (   2,    2) (   2,    2)
          (   2,    2) (   3,    3) (   2,    2) (   3,    3) (   3,    3) (   1,    1) (   1,    1) (   2,    2) (   3,    3) (   2,    2)
          (   1,    1) (   2,    2) (   4,    4) (   1,    1) (   4,    4) (   1,    1) (   2,    2) (   3,    3) (   2,    2) (   4,    4)
          (   2,    2) (   3,    3) (   3,    3) (   3,    3) (   1,    1) (   2,    2) (   2,    2) (   1,    1) (   2,    2) (   2,    2)
          (   1,    1) (   2,    2) (   3,    3) (   3,    3) (   1,    1) (   2,    2) (   1,    1) (   2,    2) (   1,    1) (   2,    2)
          (   1,    1) (   1,    1) (   1,    1) (   2,    2) (   2,    2) (   2,    2) (   4,    4) (   1,    1) (   2,    2) (   2,    2)
          (   1,    1) (   1,    1) (   1,    1) (   2,    2) (   1,    1) (   3,    3) (   2,    2) (   1,    1) (   3,    3) (   2,    2)
          (   3,    3) (   4,    4) (   1,    1) (   2,    2) (   3,    3) (   2,    2) (   1,    1) (   3,    3) (   1,    1) (   2,    2)
         
node   1 sent_total   1401  recv_total   1383

node   2  (   1,    0) (   0,    0) (   1,    1) (   4,    3) (   3,    3) (   2,    2) (   2,    2) (   2,    2) (   6,    6) (   1,    1)
          (   1,    1) (   2,    2) (   1,    1) (   1,    1) (   2,    2) (   5,    5) (   2,    2) (   1,    1) (   3,    3) (   2,    2)
          (   1,    1) (   3,    3) (   3,    3) (   3,    3) (   1,    1) (   3,    3) (   3,    3) (   3,    3) (   1,    1) (   3,    3)
          (   2,    2) (   2,    2) (   1,    1) (   1,    1) (   3,    3) (   1,    1) (   1,    1) (   2,    2) (   2,    2) (   1,    1)
          (   2,    2) (   3,    3) (   1,    1) (   2,    2) (   1,    1) (   3,    3) (   3,    3) (   2,    2) (   2,    2) (   3,    3)
          (   2,    2) (   2,    2) (   3,    3) (   1,    1) (   3,    3) (   6,    6) (   1,    1) (   2,    2) (   2,    2) (   2,    2)
          (   1,    1) (   3,    3) (   3,    3) (   2,    2) (   1,    1) (   3,    3) (   3,    3) (   3,    3) (   1,    1) (   1,    1)
          (   2,    2) (   1,    1) (   2,    2) (   2,    2) (   2,    2) (   3,    3) (   5,    5) (   2,    2) (   2,    2) (   3,    3)
          (   1,    1) (   1,    1) (   1,    1) (   3,    3) (   1,    1) (   1,    1) (   2,    2) (   2,    2) (   3,    3) (   1,    1)
          (   4,    4) (   3,    3) (   1,    1) (   1,    1) (   2,    2) (   2,    2) (   3,    3) (   4,    4) (   4,    4) (   1,    1)
          (   2,    2) (   0,    0) (   0,    0) (   0,    0) (   0,    0) (   0,    0) (   0,    0) (   0,    0) (   0,    0) (   0,    0)
          (   0,    0) (   0,    0) (   0,    0) (   0,    0) (   0,    0) (   0,    0) (   0,    0) (   0,    0) (   0,    0) (   0,    0)
          (   0,    0) (   0,    0) (   0,    0) (   0,    0) (   0,    0) (   0,    0) (   0,    0) (   0,    0) (   0,    0) (   0,    0)
          (   0,    0) (   0,    0) (   0,    0) (   0,    0) (   0,    0) (   0,    0) (   0,    0) (   0,    0) (   0,    0) (   0,    0)
          (   0,    0) (   0,    0) (   0,    0) (   0,    0) (   0,    0) (   0,    0) (   0,    0) (   0,    0) (   0,    0) (   0,    0)
          (   0,    0) (   0,    0) (   0,    0) (   0,    0) (   0,    0) (   0,    0) (   0,    0) (   0,    0) (   0,    0) (   0,    0)
          (   0,    0) (   0,    0) (   0,    0) (   0,    0) (   0,    0) (   0,    0) (   0,    0) (   0,    0) (   0,    0) (   0,    0)
          (   0,    0) (   0,    0) (   0,    0) (   0,    0) (   0,    0) (   0,    0) (   0,    0) (   0,    0) (   0,    0) (   0,    0)
          (   0,    0) (   0,    0) (   0,    0) (   0,    0) (   0,    0) (   0,    0) (   0,    0) (   0,    0) (   0,    0) (   0,    0)
          (   0,    0) (   0,    0) (   0,    0) (   0,    0) (   0,    0) (   0,    0) (   0,    0) (   0,    0) (   0,    0) (   0,    0)
          (   0,    0) (   0,    0) (   0,    0) (   0,    0) (   0,    0) (   0,    0) (   0,    0) (   0,    0) (   0,    0) (   0,    0)
          (   0,    0) (   0,    0) (   0,    0) (   0,    0) (   0,    0) (   0,    0) (   0,    0) (   0,    0) (   0,    0) (   0,    0)
          (   0,    0) (   0,    0) (   0,    0) (   0,    0) (   0,    0) (   0,    0) (   0,    0) (   0,    0) (   0,    0) (   0,    0)
          (   0,    0) (   0,    0) (   0,    0) (   0,    0) (   0,    0) (   0,    0) (   0,    0) (   0,    0) (   0,    0) (   0,    0)
          (   0,    0) (   0,    0) (   0,    0) (   0,    0) (   0,    0) (   0,    0) (   0,    0) (   0,    0) (   0,    0) (   0,    0)
          (   0,    0) (   0,    0) (   0,    0) (   0,    0) (   0,    0) (   0,    0) (   0,    0) (   0,    0) (   0,    0) (   0,    0)
          (   0,    0) (   0,    0) (   0,    0) (   0,    0) (   0,    0) (   0,    0) (   0,    0) (   0,    0) (   0,    0) (   0,    0)
          (   0,    0) (   0,    0) (   0,    0) (   0,    0) (   0,    0) (   0,    0) (   0,    0) (   0,    0) (   0,    0) (   0,    0)
          (   0,    0) (   0,    0) (   0,    0) (   0,    0) (   0,    0) (   0,    0) (   0,    0) (   0,    0) (   0,    0) (   0,    0)
          (   0,    0) (   0,    0) (   0,    0) (   0,    0) (   0,    0) (   0,    0) (   0,    0) (   0,    0) (   0,    0) (   0,    0)
          (   0,    0) (   0,    0) (   0,    0) (   0,    0) (   0,    0) (   0,    0) (   0,    0) (   0,    0) (   0,    0) (   0,    0)
          (   0,    0) (   0,    0) (   0,    0) (   0,    0) (   0,    0) (   0,    0) (   0,    0) (   0,    0) (   0,    0) (   0,    0)
          (   0,    0) (   0,    0) (   0,    0) (   0,    0) (   0,    0) (   0,    0) (   0,    0) (   0,    0) (   0,    0) (   0,    0)
          (   0,    0) (   0,    0) (   0,    0) (   0,    0) (   0,    0) (   0,    0) (   0,    0) (   0,    0) (   0,    0) (   0,    0)
          (   0,    0) (   0,    0) (   0,    0) (   0,    0) (   0,    0) (   0,    0) (   0,    0) (   0,    0) (   0,    0) (   0,    0)
          (   0,    0) (   0,    0) (   0,    0) (   0,    0) (   0,    0) (   0,    0) (   0,    0) (   0,    0) (   0,    0) (   0,    0)
          (   0,    0) (   0,    0) (   0,    0) (   0,    0) (   0,    0) (   0,    0) (   0,    0) (   0,    0) (   0,    0) (   0,    0)
          (   0,    0) (   0,    0) (   0,    0) (   0,    0) (   0,    0) (   0,    0) (   0,    0) (   0,    0) (   0,    0) (   0,    0)
          (   0,    0) (   0,    0) (   0,    0) (   0,    0) (   0,    0) (   0,    0) (   0,    0) (   0,    0) (   0,    0) (   0,    0)
          (   0,    0) (   0,    0) (   0,    0) (   0,    0) (   0,    0) (   0,    0) (   0,    0) (   0,    0) (   0,    0) (   0,    0)
          (   0,    0) (   0,    0) (   0,    0) (   0,    0) (   0,    0) (   0,    0) (   0,    0) (   0,    0) (   0,    0) (   0,    0)
          (   0,    0) (   0,    0) (   0,    0) (   0,    0) (   0,    0) (   0,    0) (   0,    0) (   0,    0) (   0,    0) (   0,    0)
          (   0,    0) (   0,    0) (   0,    0) (   0,    0) (   0,    0) (   0,    0) (   0,    0) (   0,    0) (   0,    0) (   0,    0)
          (   0,    0) (   0,    0) (   0,    0) (   0,    0) (   0,    0) (   0,    0) (   0,    0) (   0,    0) (   0,    0) (   0,    0)
          (   0,    0) (   0,    0) (   0,    0) (   0,    0) (   0,    0) (   0,    0) (   0,    0) (   0,    0) (   0,    0) (   0,    0)
          (   0,    0) (   0,    0) (   0,    0) (   0,    0) (   0,    0) (   0,    0) (   0,    0) (   0,    0) (   0,    0) (   0,    0)
          (   0,    0) (   0,    0) (   0,    0) (   0,    0) (   0,    0) (   0,    0) (   0,    0) (   0,    0) (   0,    0) (   0,    0)
          (   0,    0) (   0,    0) (   0,    0) (   0,    0) (   0,    0) (   0,    0) (   0,    0) (   0,    0) (   0,    0) (   0,    0)
          (   0,    0) (   0,    0) (   0,    0) (   0,    0) (   0,    0) (   0,    0) (   0,    0) (   0,    0) (   0,    0) (   0,    0)
          (   0,    0) (   0,    0) (   0,    0) (   0,    0) (   0,    0) (   0,    0) (   0,    0) (   0,    0) (   0,    0) (   0,    0)
          (   0,    0) (   0,    0) (   0,    0) (   0,    0) (   0,    0) (   0,    0) (   0,    0) (   0,    0) (   0,    0) (   0,    0)
          (   0,    0) (   0,    0) (   0,    0) (   0,    0) (   0,    0) (   0,    0) (   0,    0) (   0,    0) (   0,    0) (   0,    0)
          (   0,    0) (   0,    0) (   0,    0) (   0,    0) (   0,    0) (   0,    0) (   0,    0) (   0,    0) (   0,    0) (   0,    0)
          (   0,    0) (   0,    0) (   0,    0) (   0,    0) (   0,    0) (   0,    0) (   0,    0) (   0,    0) (   0,    0) (   0,    0)
          (   0,    0) (   0,    0) (   0,    0) (   0,    0) (   0,    0) (   0,    0) (   0,    0) (   0,    0) (   0,    0) (   0,    0)
          (   0,    0) (   0,    0) (   0,    0) (   0,    0) (   0,    0) (   0,    0) (   0,    0) (   0,    0) (   0,    0) (   0,    0)
          (   0,    0) (   0,    0) (   0,    0) (   0,    0) (   0,    0) (   0,    0) (   0,    0) (   0,    0) (   0,    0) (   0,    0)
          (   0,    0) (   0,    0) (   0,    0) (   0,    0) (   0,    0) (   0,    0) (   0,    0) (   0,    0) (   0,    0) (   0,    0)
          (   0,    0) (   0,    0) (   0,    0) (   0,    0) (   0,    0) (   0,    0) (   0,    0) (   0,    0) (   0,    0) (   0,    0)
          (   0,    0) (   0,    0) (   0,    0) (   0,    0) (   0,    0) (   0,    0) (   0,    0) (   0,    0) (   0,    0) (   0,    0)
          (   0,    0) (   0,    0) (   0,    0) (   0,    0) (   0,    0) (   0,    0) (   0,    0) (   0,    0) (   0,    0) (   0,    0)
          (   0,    0) (   0,    0) (   0,    0) (   0,    0) (   0,    0) (   0,    0) (   0,    0) (   0,    0) (   0,    0) (   0,    0)
          (   0,    0) (   0,    0) (   0,    0) (   0,    0) (   0,    0) (   0,    0) (   0,    0) (   0,    0) (   0,    0) (   0,    0)
          (   0,    0) (   0,    0) (   0,    0) (   0,    0) (   0,    0) (   0,    0) (   0,    0) (   0,    0) (   0,    0) (   0,    0)
          (   0,    0) (   0,    0) (   0,    0) (   0,    0) (   0,    0) (   0,    0) (   0,    0) (   0,    0) (   0,    0) (   0,    0)
          (   0,    0) (   0,    0) (   0,    0) (   0,    0) (   0,    0) (   0,    0) (   0,    0) (   0,    0) (   0,    0) (   0,    0)
          (   0,    0) (   0,    0) (   0,    0) (   0,    0) (   0,    0) (   0,    0) (   0,    0) (   0,    0) (   0,    0) (   0,    0)
          (   0,    0) (   0,    0) (   0,    0) (   0,    0) (   0,    0) (   0,    0) (   0,    0) (   0,    0) (   0,    0) (   0,    0)
          (   0,    0) (   0,    0) (   0,    0) (   0,    0) (   0,    0) (   0,    0) (   0,    0) (   0,    0) (   0,    0) (   0,    0)
          (   0,    0) (   0,    0) (   0,    0) (   0,    0) (   0,    0) (   0,    0) (   0,    0) (   0,    0) (   0,    0) (   0,    0)
         
node   2 sent_total    216  recv_total    214

node   3  (   1,    0) (   0,    0) (   1,    1) (   2,    1) (   3,    3) (   3,    3) (   2,    2) (   3,    3) (   1,    1) (   2,    2)
          (   4,    4) (   1,    1) (   4,    4) (   3,    3) (   1,    1) (   1,    1) (   1,    1) (   3,    3) (   2,    2) (   3,    3)
          (   5,    5) (   1,    1) (   1,    1) (   1,    1) (   2,    2) (   2,    2) (   3,    3) (   1,    1) (   3,    3) (   2,    2)
          (   1,    1) (   2,    2) (   2,    2) (   3,    3) (   2,    2) (   2,    2) (   3,    3) (   2,    2) (   2,    2) (   1,    1)
          (   2,    2) (   2,    2) (   1,    1) (   2,    2) (   1,    1) (   1,    1) (   2,    2) (   2,    2) (   2,    2) (   1,    1)
          (   2,    2) (   1,    1) (   2,    2) (   2,    2) (   2,    2) (   1,    1) (   2,    2) (   3,    3) (   1,    1) (   3,    3)
          (   3,    3) (   1,    1) (   2,    2) (   1,    1) (   2,    2) (   1,    1) (   3,    3) (   2,    2) (   1,    1) (   2,    2)
          (   3,    3) (   2,    2) (   1,    1) (   3,    3) (   1,    1) (   1,    1) (   2,    2) (   3,    3) (   2,    2) (   2,    2)
          (   3,    3) (   5,    5) (   5,    5) (   1,    1) (   4,    4) (   1,    1) (   2,    2) (   1,    1) (   1,    1) (   5,    5)
          (   3,    3) (   2,    2) (   3,    3) (   3,    3) (   2,    2) (   1,    1) (   3,    3) (   2,    2) (   1,    1) (   2,    2)
          (   1,    1) (   0,    0) (   0,    0) (   0,    0) (   0,    0) (   0,    0) (   0,    0) (   0,    0) (   0,    0) (   0,    0)
          (   0,    0) (   0,    0) (   0,    0) (   0,    0) (   0,    0) (   0,    0) (   0,    0) (   0,    0) (   0,    0) (   0,    0)
          (   0,    0) (   0,    0) (   0,    0) (   0,    0) (   0,    0) (   0,    0) (   0,    0) (   0,    0) (   0,    0) (   0,    0)
          (   0,    0) (   0,    0) (   0,    0) (   0,    0) (   0,    0) (   0,    0) (   0,    0) (   0,    0) (   0,    0) (   0,    0)
          (   0,    0) (   0,    0) (   0,    0) (   0,    0) (   0,    0) (   0,    0) (   0,    0) (   0,    0) (   0,    0) (   0,    0)
          (   0,    0) (   0,    0) (   0,    0) (   0,    0) (   0,    0) (   0,    0) (   0,    0) (   0,    0) (   0,    0) (   0,    0)
          (   0,    0) (   0,    0) (   0,    0) (   0,    0) (   0,    0) (   0,    0) (   0,    0) (   0,    0) (   0,    0) (   0,    0)
          (   0,    0) (   0,    0) (   0,    0) (   0,    0) (   0,    0) (   0,    0) (   0,    0) (   0,    0) (   0,    0) (   0,    0)
          (   0,    0) (   0,    0) (   0,    0) (   0,    0) (   0,    0) (   0,    0) (   0,    0) (   0,    0) (   0,    0) (   0,    0)
          (   0,    0) (   0,    0) (   0,    0) (   0,    0) (   0,    0) (   0,    0) (   0,    0) (   0,    0) (   0,    0) (   0,    0)
          (   0,    0) (   0,    0) (   0,    0) (   0,    0) (   0,    0) (   0,    0) (   0,    0) (   0,    0) (   0,    0) (   0,    0)
          (   0,    0) (   0,    0) (   0,    0) (   0,    0) (   0,    0) (   0,    0) (   0,    0) (   0,    0) (   0,    0) (   0,    0)
          (   0,    0) (   0,    0) (   0,    0) (   0,    0) (   0,    0) (   0,    0) (   0,    0) (   0,    0) (   0,    0) (   0,    0)
          (   0,    0) (   0,    0) (   0,    0) (   0,    0) (   0,    0) (   0,    0) (   0,    0) (   0,    0) (   0,    0) (   0,    0)
          (   0,    0) (   0,    0) (   0,    0) (   0,    0) (   0,    0) (   0,    0) (   0,    0) (   0,    0) (   0,    0) (   0,    0)
          (   0,    0) (   0,    0) (   0,    0) (   0,    0) (   0,    0) (   0,    0) (   0,    0) (   0,    0) (   0,    0) (   0,    0)
          (   0,    0) (   0,    0) (   0,    0) (   0,    0) (   0,    0) (   0,    0) (   0,    0) (   0,    0) (   0,    0) (   0,    0)
          (   0,    0) (   0,    0) (   0,    0) (   0,    0) (   0,    0) (   0,    0) (   0,    0) (   0,    0) (   0,    0) (   0,    0)
          (   0,    0) (   0,    0) (   0,    0) (   0,    0) (   0,    0) (   0,    0) (   0,    0) (   0,    0) (   0,    0) (   0,    0)
          (   0,    0) (   0,    0) (   0,    0) (   0,    0) (   0,    0) (   0,    0) (   0,    0) (   0,    0) (   0,    0) (   0,    0)
          (   0,    0) (   0,    0) (   0,    0) (   0,    0) (   0,    0) (   0,    0) (   0,    0) (   0,    0) (   0,    0) (   0,    0)
          (   0,    0) (   0,    0) (   0,    0) (   0,    0) (   0,    0) (   0,    0) (   0,    0) (   0,    0) (   0,    0) (   0,    0)
          (   0,    0) (   0,    0) (   0,    0) (   0,    0) (   0,    0) (   0,    0) (   0,    0) (   0,    0) (   0,    0) (   0,    0)
          (   0,    0) (   0,    0) (   0,    0) (   0,    0) (   0,    0) (   0,    0) (   0,    0) (   0,    0) (   0,    0) (   0,    0)
          (   0,    0) (   0,    0) (   0,    0) (   0,    0) (   0,    0) (   0,    0) (   0,    0) (   0,    0) (   0,    0) (   0,    0)
          (   0,    0) (   0,    0) (   0,    0) (   0,    0) (   0,    0) (   0,    0) (   0,    0) (   0,    0) (   0,    0) (   0,    0)
          (   0,    0) (   0,    0) (   0,    0) (   0,    0) (   0,    0) (   0,    0) (   0,    0) (   0,    0) (   0,    0) (   0,    0)
          (   0,    0) (   0,    0) (   0,    0) (   0,    0) (   0,    0) (   0,    0) (   0,    0) (   0,    0) (   0,    0) (   0,    0)
          (   0,    0) (   0,    0) (   0,    0) (   0,    0) (   0,    0) (   0,    0) (   0,    0) (   0,    0) (   0,    0) (   0,    0)
          (   0,    0) (   0,    0) (   0,    0) (   0,    0) (   0,    0) (   0,    0) (   0,    0) (   0,    0) (   0,    0) (   0,    0)
          (   0,    0) (   0,    0) (   0,    0) (   0,    0) (   0,    0) (   0,    0) (   0,    0) (   0,    0) (   0,    0) (   0,    0)
          (   0,    0) (   0,    0) (   0,    0) (   0,    0) (   0,    0) (   0,    0) (   0,    0) (   0,    0) (   0,    0) (   0,    0)
          (   0,    0) (   0,    0) (   0,    0) (   0,    0) (   0,    0) (   0,    0) (   0,    0) (   0,    0) (   0,    0) (   0,    0)
          (   0,    0) (   0,    0) (   0,    0) (   0,    0) (   0,    0) (   0,    0) (   0,    0) (   0,    0) (   0,    0) (   0,    0)
          (   0,    0) (   0,    0) (   0,    0) (   0,    0) (   0,    0) (   0,    0) (   0,    0) (   0,    0) (   0,    0) (   0,    0)
          (   0,    0) (   0,    0) (   0,    0) (   0,    0) (   0,    0) (   0,    0) (   0,    0) (   0,    0) (   0,    0) (   0,    0)
          (   0,    0) (   0,    0) (   0,    0) (   0,    0) (   0,    0) (   0,    0) (   0,    0) (   0,    0) (   0,    0) (   0,    0)
          (   0,    0) (   0,    0) (   0,    0) (   0,    0) (   0,    0) (   0,    0) (   0,    0) (   0,    0) (   0,    0) (   0,    0)
          (   0,    0) (   0,    0) (   0,    0) (   0,    0) (   0,    0) (   0,    0) (   0,    0) (   0,    0) (   0,    0) (   0,    0)
          (   0,    0) (   0,    0) (   0,    0) (   0,    0) (   0,    0) (   0,    0) (   0,    0) (   0,    0) (   0,    0) (   0,    0)
          (   0,    0) (   0,    0) (   0,    0) (   0,    0) (   0,    0) (   0,    0) (   0,    0) (   0,    0) (   0,    0) (   0,    0)
          (   0,    0) (   0,    0) (   0,    0) (   0,    0) (   0,    0) (   0,    0) (   0,    0) (   0,    0) (   0,    0) (   0,    0)
          (   0,    0) (   0,    0) (   0,    0) (   0,    0) (   0,    0) (   0,    0) (   0,    0) (   0,    0) (   0,    0) (   0,    0)
          (   0,    0) (   0,    0) (   0,    0) (   0,    0) (   0,    0) (   0,    0) (   0,    0) (   0,    0) (   0,    0) (   0,    0)
          (   0,    0) (   0,    0) (   0,    0) (   0,    0) (   0,    0) (   0,    0) (   0,    0) (   0,    0) (   0,    0) (   0,    0)
          (   0,    0) (   0,    0) (   0,    0) (   0,    0) (   0,    0) (   0,    0) (   0,    0) (   0,    0) (   0,    0) (   0,    0)
          (   0,    0) (   0,    0) (   0,    0) (   0,    0) (   0,    0) (   0,    0) (   0,    0) (   0,    0) (   0,    0) (   0,    0)
          (   0,    0) (   0,    0) (   0,    0) (   0,    0) (   0,    0) (   0,    0) (   0,    0) (   0,    0) (   0,    0) (   0,    0)
          (   0,    0) (   0,    0) (   0,    0) (   0,    0) (   0,    0) (   0,    0) (   0,    0) (   0,    0) (   0,    0) (   0,    0)
          (   0,    0) (   0,    0) (   0,    0) (   0,    0) (   0,    0) (   0,    0) (   0,    0) (   0,    0) (   0,    0) (   0,    0)
          (   0,    0) (   0,    0) (   0,    0) (   0,    0) (   0,    0) (   0,    0) (   0,    0) (   0,    0) (   0,    0) (   0,    0)
          (   0,    0) (   0,    0) (   0,    0) (   0,    0) (   0,    0) (   0,    0) (   0,    0) (   0,    0) (   0,    0) (   0,    0)
          (   0,    0) (   0,    0) (   0,    0) (   0,    0) (   0,    0) (   0,    0) (   0,    0) (   0,    0) (   0,    0) (   0,    0)
          (   0,    0) (   0,    0) (   0,    0) (   0,    0) (   0,    0) (   0,    0) (   0,    0) (   0,    0) (   0,    0) (   0,    0)
          (   0,    0) (   0,    0) (   0,    0) (   0,    0) (   0,    0) (   0,    0) (   0,    0) (   0,    0) (   0,    0) (   0,    0)
          (   0,    0) (   0,    0) (   0,    0) (   0,    0) (   0,    0) (   0,    0) (   0,    0) (   0,    0) (   0,    0) (   0,    0)
          (   0,    0) (   0,    0) (   0,    0) (   0,    0) (   0,    0) (   0,    0) (   0,    0) (   0,    0) (   0,    0) (   0,    0)
          (   0,    0) (   0,    0) (   0,    0) (   0,    0) (   0,    0) (   0,    0) (   0,    0) (   0,    0) (   0,    0) (   0,    0)
          (   0,    0) (   0,    0) (   0,    0) (   0,    0) (   0,    0) (   0,    0) (   0,    0) (   0,    0) (   0,    0) (   0,    0)
          (   0,    0) (   0,    0) (   0,    0) (   0,    0) (   0,    0) (   0,    0) (   0,    0) (   0,    0) (   0,    0) (   0,    0)
         
node   3 sent_total    206  recv_total    204

node   4  (   1,    0) (   0,    0) (   2,    2) (   1,    0) (   1,    1) (   3,    3) (   2,    2) (   3,    3) (   1,    1) (   2,    2)
          (   2,    2) (   2,    2) (   2,    2) (   2,    2) (   2,    2) (   2,    2) (   4,    4) (   3,    3) (   3,    3) (   4,    4)
          (   2,    2) (   1,    1) (   3,    3) (   2,    2) (   3,    3) (   2,    2) (   1,    1) (   2,    2) (   2,    2) (   1,    1)
          (   2,    2) (   2,    2) (   2,    2) (   2,    2) (   1,    1) (   2,    2) (   1,    1) (   1,    1) (   1,    1) (   2,    2)
          (   2,    2) (   2,    2) (   3,    3) (   3,    3) (   3,    3) (   2,    2) (   1,    1) (   1,    1) (   2,    2) (   1,    1)
          (   1,    1) (   3,    3) (   2,    2) (   2,    2) (   3,    3) (   1,    1) (   3,    3) (   2,    2) (   2,    2) (   1,    1)
          (   1,    1) (   2,    2) (   2,    2) (   2,    2) (   3,    3) (   1,    1) (   2,    2) (   1,    1) (   3,    3) (   4,    4)
          (   2,    2) (   1,    1) (   4,    4) (   2,    2) (   2,    2) (   2,    2) (   1,    1) (   1,    1) (   1,    1) (   3,    3)
          (   2,    2) (   1,    1) (   2,    2) (   3,    3) (   2,    2) (   1,    1) (   1,    1) (   1,    1) (   1,    1) (   1,    1)
          (   3,    3) (   1,    1) (   1,    1) (   2,    2) (   1,    1) (   3,    3) (   1,    1) (   1,    1) (   2,    2) (   1,    1)
          (   1,    1) (   0,    0) (   0,    0) (   0,    0) (   0,    0) (   0,    0) (   0,    0) (   0,    0) (   0,    0) (   0,    0)
          (   0,    0) (   0,    0) (   0,    0) (   0,    0) (   0,    0) (   0,    0) (   0,    0) (   0,    0) (   0,    0) (   0,    0)
          (   0,    0) (   0,    0) (   0,    0) (   0,    0) (   0,    0) (   0,    0) (   0,    0) (   0,    0) (   0,    0) (   0,    0)
          (   0,    0) (   0,    0) (   0,    0) (   0,    0) (   0,    0) (   0,    0) (   0,    0) (   0,    0) (   0,    0) (   0,    0)
          (   0,    0) (   0,    0) (   0,    0) (   0,    0) (   0,    0) (   0,    0) (   0,    0) (   0,    0) (   0,    0) (   0,    0)
          (   0,    0) (   0,    0) (   0,    0) (   0,    0) (   0,    0) (   0,    0) (   0,    0) (   0,    0) (   0,    0) (   0,    0)
          (   0,    0) (   0,    0) (   0,    0) (   0,    0) (   0,    0) (   0,    0) (   0,    0) (   0,    0) (   0,    0) (   0,    0)
          (   0,    0) (   0,    0) (   0,    0) (   0,    0) (   0,    0) (   0,    0) (   0,    0) (   0,    0) (   0,    0) (   0,    0)
          (   0,    0) (   0,    0) (   0,    0) (   0,    0) (   0,    0) (   0,    0) (   0,    0) (   0,    0) (   0,    0) (   0,    0)
          (   0,    0) (   0,    0) (   0,    0) (   0,    0) (   0,    0) (   0,    0) (   0,    0) (   0,    0) (   0,    0) (   0,    0)
          (   0,    0) (   0,    0) (   0,    0) (   0,    0) (   0,    0) (   0,    0) (   0,    0) (   0,    0) (   0,    0) (   0,    0)
          (   0,    0) (   0,    0) (   0,    0) (   0,    0) (   0,    0) (   0,    0) (   0,    0) (   0,    0) (   0,    0) (   0,    0)
          (   0,    0) (   0,    0) (   0,    0) (   0,    0) (   0,    0) (   0,    0) (   0,    0) (   0,    0) (   0,    0) (   0,    0)
          (   0,    0) (   0,    0) (   0,    0) (   0,    0) (   0,    0) (   0,    0) (   0,    0) (   0,    0) (   0,    0) (   0,    0)
          (   0,    0) (   0,    0) (   0,    0) (   0,    0) (   0,    0) (   0,    0) (   0,    0) (   0,    0) (   0,    0) (   0,    0)
          (   0,    0) (   0,    0) (   0,    0) (   0,    0) (   0,    0) (   0,    0) (   0,    0) (   0,    0) (   0,    0) (   0,    0)
          (   0,    0) (   0,    0) (   0,    0) (   0,    0) (   0,    0) (   0,    0) (   0,    0) (   0,    0) (   0,    0) (   0,    0)
          (   0,    0) (   0,    0) (   0,    0) (   0,    0) (   0,    0) (   0,    0) (   0,    0) (   0,    0) (   0,    0) (   0,    0)
          (   0,    0) (   0,    0) (   0,    0) (   0,    0) (   0,    0) (   0,    0) (   0,    0) (   0,    0) (   0,    0) (   0,    0)
          (   0,    0) (   0,    0) (   0,    0) (   0,    0) (   0,    0) (   0,    0) (   0,    0) (   0,    0) (   0,    0) (   0,    0)
          (   0,    0) (   0,    0) (   0,    0) (   0,    0) (   0,    0) (   0,    0) (   0,    0) (   0,    0) (   0,    0) (   0,    0)
          (   0,    0) (   0,    0) (   0,    0) (   0,    0) (   0,    0) (   0,    0) (   0,    0) (   0,    0) (   0,    0) (   0,    0)
          (   0,    0) (   0,    0) (   0,    0) (   0,    0) (   0,    0) (   0,    0) (   0,    0) (   0,    0) (   0,    0) (   0,    0)
          (   0,    0) (   0,    0) (   0,    0) (   0,    0) (   0,    0) (   0,    0) (   0,    0) (   0,    0) (   0,    0) (   0,    0)
          (   0,    0) (   0,    0) (   0,    0) (   0,    0) (   0,    0) (   0,    0) (   0,    0) (   0,    0) (   0,    0) (   0,    0)
          (   0,    0) (   0,    0) (   0,    0) (   0,    0) (   0,    0) (   0,    0) (   0,    0) (   0,    0) (   0,    0) (   0,    0)
          (   0,    0) (   0,    0) (   0,    0) (   0,    0) (   0,    0) (   0,    0) (   0,    0) (   0,    0) (   0,    0) (   0,    0)
          (   0,    0) (   0,    0) (   0,    0) (   0,    0) (   0,    0) (   0,    0) (   0,    0) (   0,    0) (   0,    0) (   0,    0)
          (   0,    0) (   0,    0) (   0,    0) (   0,    0) (   0,    0) (   0,    0) (   0,    0) (   0,    0) (   0,    0) (   0,    0)
          (   0,    0) (   0,    0) (   0,    0) (   0,    0) (   0,    0) (   0,    0) (   0,    0) (   0,    0) (   0,    0) (   0,    0)
          (   0,    0) (   0,    0) (   0,    0) (   0,    0) (   0,    0) (   0,    0) (   0,    0) (   0,    0) (   0,    0) (   0,    0)
          (   0,    0) (   0,    0) (   0,    0) (   0,    0) (   0,    0) (   0,    0) (   0,    0) (   0,    0) (   0,    0) (   0,    0)
          (   0,    0) (   0,    0) (   0,    0) (   0,    0) (   0,    0) (   0,    0) (   0,    0) (   0,    0) (   0,    0) (   0,    0)
          (   0,    0) (   0,    0) (   0,    0) (   0,    0) (   0,    0) (   0,    0) (   0,    0) (   0,    0) (   0,    0) (   0,    0)
          (   0,    0) (   0,    0) (   0,    0) (   0,    0) (   0,    0) (   0,    0) (   0,    0) (   0,    0) (   0,    0) (   0,    0)
          (   0,    0) (   0,    0) (   0,    0) (   0,    0) (   0,    0) (   0,    0) (   0,    0) (   0,    0) (   0,    0) (   0,    0)
          (   0,    0) (   0,    0) (   0,    0) (   0,    0) (   0,    0) (   0,    0) (   0,    0) (   0,    0) (   0,    0) (   0,    0)
          (   0,    0) (   0,    0) (   0,    0) (   0,    0) (   0,    0) (   0,    0) (   0,    0) (   0,    0) (   0,    0) (   0,    0)
          (   0,    0) (   0,    0) (   0,    0) (   0,    0) (   0,    0) (   0,    0) (   0,    0) (   0,    0) (   0,    0) (   0,    0)
          (   0,    0) (   0,    0) (   0,    0) (   0,    0) (   0,    0) (   0,    0) (   0,    0) (   0,    0) (   0,    0) (   0,    0)
          (   0,    0) (   0,    0) (   0,    0) (   0,    0) (   0,    0) (   0,    0) (   0,    0) (   0,    0) (   0,    0) (   0,    0)
          (   0,    0) (   0,    0) (   0,    0) (   0,    0) (   0,    0) (   0,    0) (   0,    0) (   0,    0) (   0,    0) (   0,    0)
          (   0,    0) (   0,    0) (   0,    0) (   0,    0) (   0,    0) (   0,    0) (   0,    0) (   0,    0) (   0,    0) (   0,    0)
          (   0,    0) (   0,    0) (   0,    0) (   0,    0) (   0,    0) (   0,    0) (   0,    0) (   0,    0) (   0,    0) (   0,    0)
          (   0,    0) (   0,    0) (   0,    0) (   0,    0) (   0,    0) (   0,    0) (   0,    0) (   0,    0) (   0,    0) (   0,    0)
          (   0,    0) (   0,    0) (   0,    0) (   0,    0) (   0,    0) (   0,    0) (   0,    0) (   0,    0) (   0,    0) (   0,    0)
          (   0,    0) (   0,    0) (   0,    0) (   0,    0) (   0,    0) (   0,    0) (   0,    0) (   0,    0) (   0,    0) (   0,    0)
          (   0,    0) (   0,    0) (   0,    0) (   0,    0) (   0,    0) (   0,    0) (   0,    0) (   0,    0) (   0,    0) (   0,    0)
          (   0,    0) (   0,    0) (   0,    0) (   0,    0) (   0,    0) (   0,    0) (   0,    0) (   0,    0) (   0,    0) (   0,    0)
          (   0,    0) (   0,    0) (   0,    0) (   0,    0) (   0,    0) (   0,    0) (   0,    0) (   0,    0) (   0,    0) (   0,    0)
          (   0,    0) (   0,    0) (   0,    0) (   0,    0) (   0,    0) (   0,    0) (   0,    0) (   0,    0) (   0,    0) (   0,    0)
          (   0,    0) (   0,    0) (   0,    0) (   0,    0) (   0,    0) (   0,    0) (   0,    0) (   0,    0) (   0,    0) (   0,    0)
          (   0,    0) (   0,    0) (   0,    0) (   0,    0) (   0,    0) (   0,    0) (   0,    0) (   0,    0) (   0,    0) (   0,    0)
          (   0,    0) (   0,    0) (   0,    0) (   0,    0) (   0,    0) (   0,    0) (   0,    0) (   0,    0) (   0,    0) (   0,    0)
          (   0,    0) (   0,    0) (   0,    0) (   0,    0) (   0,    0) (   0,    0) (   0,    0) (   0,    0) (   0,    0) (   0,    0)
          (   0,    0) (   0,    0) (   0,    0) (   0,    0) (   0,    0) (   0,    0) (   0,    0) (   0,    0) (   0,    0) (   0,    0)
          (   0,    0) (   0,    0) (   0,    0) (   0,    0) (   0,    0) (   0,    0) (   0,    0) (   0,    0) (   0,    0) (   0,    0)
          (   0,    0) (   0,    0) (   0,    0) (   0,    0) (   0,    0) (   0,    0) (   0,    0) (   0,    0) (   0,    0) (   0,    0)
          (   0,    0) (   0,    0) (   0,    0) (   0,    0) (   0,    0) (   0,    0) (   0,    0) (   0,    0) (   0,    0) (   0,    0)
          (   0,    0) (   0,    0) (   0,    0) (   0,    0) (   0,    0) (   0,    0) (   0,    0) (   0,    0) (   0,    0) (   0,    0)
         
node   4 sent_total    189  recv_total    187

node   5  (   0,    0) (   1,    0) (   0,    0) (   1,    1) (   1,    0) (   1,    1) (   2,    2) (   2,    2) (   1,    1) (   2,    2)
          (   2,    2) (   3,    3) (   1,    1) (   3,    3) (   3,    3) (   2,    2) (   3,    3) (   2,    2) (   3,    3) (   3,    3)
          (   2,    2) (   3,    3) (   1,    1) (   1,    1) (   1,    1) (   3,    3) (   2,    2) (   3,    3) (   2,    2) (   1,    1)
          (   3,    3) (   3,    3) (   2,    2) (   1,    1) (   3,    3) (   2,    2) (   1,    1) (   1,    1) (   3,    3) (   2,    2)
          (   2,    2) (   1,    1) (   1,    1) (   3,    3) (   2,    2) (   4,    4) (   1,    1) (   3,    3) (   2,    2) (   1,    1)
          (   3,    3) (   3,    3) (   1,    1) (   2,    2) (   2,    2) (   2,    2) (   2,    2) (   2,    2) (   4,    4) (   3,    3)
          (   1,    1) (   3,    3) (   3,    3) (   3,    3) (   1,    1) (   3,    3) (   3,    3) (   1,    1) (   2,    2) (   2,    2)
          (   2,    2) (   3,    3) (   2,    2) (   3,    3) (   3,    3) (   2,    2) (   2,    2) (   1,    1) (   1,    1) (   1,    1)
          (   2,    2) (   3,    3) (   2,    2) (   2,    2) (   3,    3) (   1,    1) (   3,    3) (   2,    2) (   2,    2) (   2,    2)
          (   1,    1) (   1,    1) (   3,    3) (   2,    2) (   2,    2) (   2,    2) (   3,    3) (   1,    1) (   2,    2) (   4,    4)
          (   1,    1) (   0,    0) (   0,    0) (   0,    0) (   0,    0) (   0,    0) (   0,    0) (   0,    0) (   0,    0) (   0,    0)
          (   0,    0) (   0,    0) (   0,    0) (   0,    0) (   0,    0) (   0,    0) (   0,    0) (   0,    0) (   0,    0) (   0,    0)
          (   0,    0) (   0,    0) (   0,    0) (   0,    0) (   0,    0) (   0,    0) (   0,    0) (   0,    0) (   0,    0) (   0,    0)
          (   0,    0) (   0,    0) (   0,    0) (   0,    0) (   0,    0) (   0,    0) (   0,    0) (   0,    0) (   0,    0) (   0,    0)
          (   0,    0) (   0,    0) (   0,    0) (   0,    0) (   0,    0) (   0,    0) (   0,    0) (   0,    0) (   0,    0) (   0,    0)
          (   0,    0) (   0,    0) (   0,    0) (   0,    0) (   0,    0) (   0,    0) (   0,    0) (   0,    0) (   0,    0) (   0,    0)
          (   0,    0) (   0,    0) (   0,    0) (   0,    0) (   0,    0) (   0,    0) (   0,    0) (   0,    0) (   0,    0) (   0,    0)
          (   0,    0) (   0,    0) (   0,    0) (   0,    0) (   0,    0) (   0,    0) (   0,    0) (   0,    0) (   0,    0) (   0,    0)
          (   0,    0) (   0,    0) (   0,    0) (   0,    0) (   0,    0) (   0,    0) (   0,    0) (   0,    0) (   0,    0) (   0,    0)
          (   0,    0) (   0,    0) (   0,    0) (   0,    0) (   0,    0) (   0,    0) (   0,    0) (   0,    0) (   0,    0) (   0,    0)
          (   0,    0) (   0,    0) (   0,    0) (   0,    0) (   0,    0) (   0,    0) (   0,    0) (   0,    0) (   0,    0) (   0,    0)
          (   0,    0) (   0,    0) (   0,    0) (   0,    0) (   0,    0) (   0,    0) (   0,    0) (   0,    0) (   0,    0) (   0,    0)
          (   0,    0) (   0,    0) (   0,    0) (   0,    0) (   0,    0) (   0,    0) (   0,    0) (   0,    0) (   0,    0) (   0,    0)
          (   0,    0) (   0,    0) (   0,    0) (   0,    0) (   0,    0) (   0,    0) (   0,    0) (   0,    0) (   0,    0) (   0,    0)
          (   0,    0) (   0,    0) (   0,    0) (   0,    0) (   0,    0) (   0,    0) (   0,    0) (   0,    0) (   0,    0) (   0,    0)
          (   0,    0) (   0,    0) (   0,    0) (   0,    0) (   0,    0) (   0,    0) (   0,    0) (   0,    0) (   0,    0) (   0,    0)
          (   0,    0) (   0,    0) (   0,    0) (   0,    0) (   0,    0) (   0,    0) (   0,    0) (   0,    0) (   0,    0) (   0,    0)
          (   0,    0) (   0,    0) (   0,    0) (   0,    0) (   0,    0) (   0,    0) (   0,    0) (   0,    0) (   0,    0) (   0,    0)
          (   0,    0) (   0,    0) (   0,    0) (   0,    0) (   0,    0) (   0,    0) (   0,    0) (   0,    0) (   0,    0) (   0,    0)
          (   0,    0) (   0,    0) (   0,    0) (   0,    0) (   0,    0) (   0,    0) (   0,    0) (   0,    0) (   0,    0) (   0,    0)
          (   0,    0) (   0,    0) (   0,    0) (   0,    0) (   0,    0) (   0,    0) (   0,    0) (   0,    0) (   0,    0) (   0,    0)
          (   0,    0) (   0,    0) (   0,    0) (   0,    0) (   0,    0) (   0,    0) (   0,    0) (   0,    0) (   0,    0) (   0,    0)
          (   0,    0) (   0,    0) (   0,    0) (   0,    0) (   0,    0) (   0,    0) (   0,    0) (   0,    0) (   0,    0) (   0,    0)
          (   0,    0) (   0,    0) (   0,    0) (   0,    0) (   0,    0) (   0,    0) (   0,    0) (   0,    0) (   0,    0) (   0,    0)
          (   0,    0) (   0,    0) (   0,    0) (   0,    0) (   0,    0) (   0,    0) (   0,    0) (   0,    0) (   0,    0) (   0,    0)
          (   0,    0) (   0,    0) (   0,    0) (   0,    0) (   0,    0) (   0,    0) (   0,    0) (   0,    0) (   0,    0) (   0,    0)
          (   0,    0) (   0,    0) (   0,    0) (   0,    0) (   0,    0) (   0,    0) (   0,    0) (   0,    0) (   0,    0) (   0,    0)
          (   0,    0) (   0,    0) (   0,    0) (   0,    0) (   0,    0) (   0,    0) (   0,    0) (   0,    0) (   0,    0) (   0,    0)
          (   0,    0) (   0,    0) (   0,    0) (   0,    0) (   0,    0) (   0,    0) (   0,    0) (   0,    0) (   0,    0) (   0,    0)
          (   0,    0) (   0,    0) (   0,    0) (   0,    0) (   0,    0) (   0,    0) (   0,    0) (   0,    0) (   0,    0) (   0,    0)
          (   0,    0) (   0,    0) (   0,    0) (   0,    0) (   0,    0) (   0,    0) (   0,    0) (   0,    0) (   0,    0) (   0,    0)
          (   0,    0) (   0,    0) (   0,    0) (   0,    0) (   0,    0) (   0,    0) (   0,    0) (   0,    0) (   0,    0) (   0,    0)
          (   0,    0) (   0,    0) (   0,    0) (   0,    0) (   0,    0) (   0,    0) (   0,    0) (   0,    0) (   0,    0) (   0,    0)
          (   0,    0) (   0,    0) (   0,    0) (   0,    0) (   0,    0) (   0,    0) (   0,    0) (   0,    0) (   0,    0) (   0,    0)
          (   0,    0) (   0,    0) (   0,    0) (   0,    0) (   0,    0) (   0,    0) (   0,    0) (   0,    0) (   0,    0) (   0,    0)
          (   0,    0) (   0,    0) (   0,    0) (   0,    0) (   0,    0) (   0,    0) (   0,    0) (   0,    0) (   0,    0) (   0,    0)
          (   0,    0) (   0,    0) (   0,    0) (   0,    0) (   0,    0) (   0,    0) (   0,    0) (   0,    0) (   0,    0) (   0,    0)
          (   0,    0) (   0,    0) (   0,    0) (   0,    0) (   0,    0) (   0,    0) (   0,    0) (   0,    0) (   0,    0) (   0,    0)
          (   0,    0) (   0,    0) (   0,    0) (   0,    0) (   0,    0) (   0,    0) (   0,    0) (   0,    0) (   0,    0) (   0,    0)
          (   0,    0) (   0,    0) (   0,    0) (   0,    0) (   0,    0) (   0,    0) (   0,    0) (   0,    0) (   0,    0) (   0,    0)
          (   0,    0) (   0,    0) (   0,    0) (   0,    0) (   0,    0) (   0,    0) (   0,    0) (   0,    0) (   0,    0) (   0,    0)
          (   0,    0) (   0,    0) (   0,    0) (   0,    0) (   0,    0) (   0,    0) (   0,    0) (   0,    0) (   0,    0) (   0,    0)
          (   0,    0) (   0,    0) (   0,    0) (   0,    0) (   0,    0) (   0,    0) (   0,    0) (   0,    0) (   0,    0) (   0,    0)
          (   0,    0) (   0,    0) (   0,    0) (   0,    0) (   0,    0) (   0,    0) (   0,    0) (   0,    0) (   0,    0) (   0,    0)
          (   0,    0) (   0,    0) (   0,    0) (   0,    0) (   0,    0) (   0,    0) (   0,    0) (   0,    0) (   0,    0) (   0,    0)
          (   0,    0) (   0,    0) (   0,    0) (   0,    0) (   0,    0) (   0,    0) (   0,    0) (   0,    0) (   0,    0) (   0,    0)
          (   0,    0) (   0,    0) (   0,    0) (   0,    0) (   0,    0) (   0,    0) (   0,    0) (   0,    0) (   0,    0) (   0,    0)
          (   0,    0) (   0,    0) (   0,    0) (   0,    0) (   0,    0) (   0,    0) (   0,    0) (   0,    0) (   0,    0) (   0,    0)
          (   0,    0) (   0,    0) (   0,    0) (   0,    0) (   0,    0) (   0,    0) (   0,    0) (   0,    0) (   0,    0) (   0,    0)
          (   0,    0) (   0,    0) (   0,    0) (   0,    0) (   0,    0) (   0,    0) (   0,    0) (   0,    0) (   0,    0) (   0,    0)
          (   0,    0) (   0,    0) (   0,    0) (   0,    0) (   0,    0) (   0,    0) (   0,    0) (   0,    0) (   0,    0) (   0,    0)
          (   0,    0) (   0,    0) (   0,    0) (   0,    0) (   0,    0) (   0,    0) (   0,    0) (   0,    0) (   0,    0) (   0,    0)
          (   0,    0) (   0,    0) (   0,    0) (   0,    0) (   0,    0) (   0,    0) (   0,    0) (   0,    0) (   0,    0) (   0,    0)
          (   0,    0) (   0,    0) (   0,    0) (   0,    0) (   0,    0) (   0,    0) (   0,    0) (   0,    0) (   0,    0) (   0,    0)
          (   0,    0) (   0,    0) (   0,    0) (   0,    0) (   0,    0) (   0,    0) (   0,    0) (   0,    0) (   0,    0) (   0,    0)
          (   0,    0) (   0,    0) (   0,    0) (   0,    0) (   0,    0) (   0,    0) (   0,    0) (   0,    0) (   0,    0) (   0,    0)
          (   0,    0) (   0,    0) (   0,    0) (   0,    0) (   0,    0) (   0,    0) (   0,    0) (   0,    0) (   0,    0) (   0,    0)
          (   0,    0) (   0,    0) (   0,    0) (   0,    0) (   0,    0) (   0,    0) (   0,    0) (   0,    0) (   0,    0) (   0,    0)
          (   0,    0) (   0,    0) (   0,    0) (   0,    0) (   0,    0) (   0,    0) (   0,    0) (   0,    0) (   0,    0) (   0,    0)
          (   0,    0) (   0,    0) (   0,    0) (   0,    0) (   0,    0) (   0,    0) (   0,    0) (   0,    0) (   0,    0) (   0,    0)
         
node   5 sent_total    206  recv_total    204

node   6  (   0,    0) (   1,    0) (   0,    0) (   1,    1) (   2,    1) (   2,    2) (   1,    1) (   2,    2) (   1,    1) (   2,    2)
          (   4,    4) (   2,    2) (   4,    4) (   1,    1) (   1,    1) (   1,    1) (   1,    1) (   3,    3) (   2,    2) (   2,    2)
          (   1,    1) (   3,    3) (   1,    1) (   4,    4) (   1,    1) (   2,    2) (   2,    2) (   2,    2) (   1,    1) (   2,    2)
          (   3,    3) (   2,    2) (   2,    2) (   3,    3) (   2,    2) (   2,    2) (   1,    1) (   2,    2) (   3,    3) (   1,    1)
          (   2,    2) (   1,    1) (   3,    3) (   1,    1) (   2,    2) (   2,    2) (   4,    4) (   1,    1) (   2,    2) (   3,    3)
          (   3,    3) (   1,    1) (   2,    2) (   3,    3) (   3,    3) (   1,    1) (   3,    3) (   3,    3) (   3,    3) (   3,    3)
          (   3,    3) (   2,    2) (   1,    1) (   1,    1) (   3,    3) (   2,    2) (   1,    1) (   4,    4) (   1,    1) (   1,    1)
          (   1,    1) (   2,    2) (   3,    3) (   1,    1) (   1,    1) (   2,    2) (   2,    2) (   4,    4) (   3,    3) (   3,    3)
          (   2,    2) (   1,    1) (   2,    2) (   3,    3) (   2,    2) (   3,    3) (   2,    2) (   2,    2) (   1,    1) (   1,    1)
          (   1,    1) (   1,    1) (   2,    2) (   2,    2) (   2,    2) (   2,    2) (   1,    1) (   4,    4) (   1,    1) (   1,    1)
          (   3,    3) (   0,    0) (   0,    0) (   0,    0) (   0,    0) (   0,    0) (   0,    0) (   0,    0) (   0,    0) (   0,    0)
          (   0,    0) (   0,    0) (   0,    0) (   0,    0) (   0,    0) (   0,    0) (   0,    0) (   0,    0) (   0,    0) (   0,    0)
          (   0,    0) (   0,    0) (   0,    0) (   0,    0) (   0,    0) (   0,    0) (   0,    0) (   0,    0) (   0,    0) (   0,    0)
          (   0,    0) (   0,    0) (   0,    0) (   0,    0) (   0,    0) (   0,    0) (   0,    0) (   0,    0) (   0,    0) (   0,    0)
          (   0,    0) (   0,    0) (   0,    0) (   0,    0) (   0,    0) (   0,    0) (   0,    0) (   0,    0) (   0,    0) (   0,    0)
          (   0,    0) (   0,    0) (   0,    0) (   0,    0) (   0,    0) (   0,    0) (   0,    0) (   0,    0) (   0,    0) (   0,    0)
          (   0,    0) (   0,    0) (   0,    0) (   0,    0) (   0,    0) (   0,    0) (   0,    0) (   0,    0) (   0,    0) (   0,    0)
          (   0,    0) (   0,    0) (   0,    0) (   0,    0) (   0,    0) (   0,    0) (   0,    0) (   0,    0) (   0,    0) (   0,    0)
          (   0,    0) (   0,    0) (   0,    0) (   0,    0) (   0,    0) (   0,    0) (   0,    0) (   0,    0) (   0,    0) (   0,    0)
          (   0,    0) (   0,    0) (   0,    0) (   0,    0) (   0,    0) (   0,    0) (   0,    0) (   0,    0) (   0,    0) (   0,    0)
          (   0,    0) (   0,    0) (   0,    0) (   0,    0) (   0,    0) (   0,    0) (   0,    0) (   0,    0) (   0,    0) (   0,    0)
          (   0,    0) (   0,    0) (   0,    0) (   0,    0) (   0,    0) (   0,    0) (   0,    0) (   0,    0) (   0,    0) (   0,    0)
          (   0,    0) (   0,    0) (   0,    0) (   0,    0) (   0,    0) (   0,    0) (   0,    0) (   0,    0) (   0,    0) (   0,    0)
          (   0,    0) (   0,    0) (   0,    0) (   0,    0) (   0,    0) (   0,    0) (   0,    0) (   0,    0) (   0,    0) (   0,    0)
          (   0,    0) (   0,    0) (   0,    0) (   0,    0) (   0,    0) (   0,    0) (   0,    0) (   0,    0) (   0,    0) (   0,    0)
          (   0,    0) (   0,    0) (   0,    0) (   0,    0) (   0,    0) (   0,    0) (   0,    0) (   0,    0) (   0,    0) (   0,    0)
          (   0,    0) (   0,    0) (   0,    0) (   0,    0) (   0,    0) (   0,    0) (   0,    0) (   0,    0) (   0,    0) (   0,    0)
          (   0,    0) (   0,    0) (   0,    0) (   0,    0) (   0,    0) (   0,    0) (   0,    0) (   0,    0) (   0,    0) (   0,    0)
          (   0,    0) (   0,    0) (   0,    0) (   0,    0) (   0,    0) (   0,    0) (   0,    0) (   0,    0) (   0,    0) (   0,    0)
          (   0,    0) (   0,    0) (   0,    0) (   0,    0) (   0,    0) (   0,    0) (   0,    0) (   0,    0) (   0,    0) (   0,    0)
          (   0,    0) (   0,    0) (   0,    0) (   0,    0) (   0,    0) (   0,    0) (   0,    0) (   0,    0) (   0,    0) (   0,    0)
          (   0,    0) (   0,    0) (   0,    0) (   0,    0) (   0,    0) (   0,    0) (   0,    0) (   0,    0) (   0,    0) (   0,    0)
          (   0,    0) (   0,    0) (   0,    0) (   0,    0) (   0,    0) (   0,    0) (   0,    0) (   0,    0) (   0,    0) (   0,    0)
          (   0,    0) (   0,    0) (   0,    0) (   0,    0) (   0,    0) (   0,    0) (   0,    0) (   0,    0) (   0,    0) (   0,    0)
          (   0,    0) (   0,    0) (   0,    0) (   0,    0) (   0,    0) (   0,    0) (   0,    0) (   0,    0) (   0,    0) (   0,    0)
          (   0,    0) (   0,    0) (   0,    0) (   0,    0) (   0,    0) (   0,    0) (   0,    0) (   0,    0) (   0,    0) (   0,    0)
          (   0,    0) (   0,    0) (   0,    0) (   0,    0) (   0,    0) (   0,    0) (   0,    0) (   0,    0) (   0,    0) (   0,    0)
          (   0,    0) (   0,    0) (   0,    0) (   0,    0) (   0,    0) (   0,    0) (   0,    0) (   0,    0) (   0,    0) (   0,    0)
          (   0,    0) (   0,    0) (   0,    0) (   0,    0) (   0,    0) (   0,    0) (   0,    0) (   0,    0) (   0,    0) (   0,    0)
          (   0,    0) (   0,    0) (   0,    0) (   0,    0) (   0,    0) (   0,    0) (   0,    0) (   0,    0) (   0,    0) (   0,    0)
          (   0,    0) (   0,    0) (   0,    0) (   0,    0) (   0,    0) (   0,    0) (   0,    0) (   0,    0) (   0,    0) (   0,    0)
          (   0,    0) (   0,    0) (   0,    0) (   0,    0) (   0,    0) (   0,    0) (   0,    0) (   0,    0) (   0,    0) (   0,    0)
          (   0,    0) (   0,    0) (   0,    0) (   0,    0) (   0,    0) (   0,    0) (   0,    0) (   0,    0) (   0,    0) (   0,    0)
          (   0,    0) (   0,    0) (   0,    0) (   0,    0) (   0,    0) (   0,    0) (   0,    0) (   0,    0) (   0,    0) (   0,    0)
          (   0,    0) (   0,    0) (   0,    0) (   0,    0) (   0,    0) (   0,    0) (   0,    0) (   0,    0) (   0,    0) (   0,    0)
          (   0,    0) (   0,    0) (   0,    0) (   0,    0) (   0,    0) (   0,    0) (   0,    0) (   0,    0) (   0,    0) (   0,    0)
          (   0,    0) (   0,    0) (   0,    0) (   0,    0) (   0,    0) (   0,    0) (   0,    0) (   0,    0) (   0,    0) (   0,    0)
          (   0,    0) (   0,    0) (   0,    0) (   0,    0) (   0,    0) (   0,    0) (   0,    0) (   0,    0) (   0,    0) (   0,    0)
          (   0,    0) (   0,    0) (   0,    0) (   0,    0) (   0,    0) (   0,    0) (   0,    0) (   0,    0) (   0,    0) (   0,    0)
          (   0,    0) (   0,    0) (   0,    0) (   0,    0) (   0,    0) (   0,    0) (   0,    0) (   0,    0) (   0,    0) (   0,    0)
          (   0,    0) (   0,    0) (   0,    0) (   0,    0) (   0,    0) (   0,    0) (   0,    0) (   0,    0) (   0,    0) (   0,    0)
          (   0,    0) (   0,    0) (   0,    0) (   0,    0) (   0,    0) (   0,    0) (   0,    0) (   0,    0) (   0,    0) (   0,    0)
          (   0,    0) (   0,    0) (   0,    0) (   0,    0) (   0,    0) (   0,    0) (   0,    0) (   0,    0) (   0,    0) (   0,    0)
          (   0,    0) (   0,    0) (   0,    0) (   0,    0) (   0,    0) (   0,    0) (   0,    0) (   0,    0) (   0,    0) (   0,    0)
          (   0,    0) (   0,    0) (   0,    0) (   0,    0) (   0,    0) (   0,    0) (   0,    0) (   0,    0) (   0,    0) (   0,    0)
          (   0,    0) (   0,    0) (   0,    0) (   0,    0) (   0,    0) (   0,    0) (   0,    0) (   0,    0) (   0,    0) (   0,    0)
          (   0,    0) (   0,    0) (   0,    0) (   0,    0) (   0,    0) (   0,    0) (   0,    0) (   0,    0) (   0,    0) (   0,    0)
          (   0,    0) (   0,    0) (   0,    0) (   0,    0) (   0,    0) (   0,    0) (   0,    0) (   0,    0) (   0,    0) (   0,    0)
          (   0,    0) (   0,    0) (   0,    0) (   0,    0) (   0,    0) (   0,    0) (   0,    0) (   0,    0) (   0,    0) (   0,    0)
          (   0,    0) (   0,    0) (   0,    0) (   0,    0) (   0,    0) (   0,    0) (   0,    0) (   0,    0) (   0,    0) (   0,    0)
          (   0,    0) (   0,    0) (   0,    0) (   0,    0) (   0,    0) (   0,    0) (   0,    0) (   0,    0) (   0,    0) (   0,    0)
          (   0,    0) (   0,    0) (   0,    0) (   0,    0) (   0,    0) (   0,    0) (   0,    0) (   0,    0) (   0,    0) (   0,    0)
          (   0,    0) (   0,    0) (   0,    0) (   0,    0) (   0,    0) (   0,    0) (   0,    0) (   0,    0) (   0,    0) (   0,    0)
          (   0,    0) (   0,    0) (   0,    0) (   0,    0) (   0,    0) (   0,    0) (   0,    0) (   0,    0) (   0,    0) (   0,    0)
          (   0,    0) (   0,    0) (   0,    0) (   0,    0) (   0,    0) (   0,    0) (   0,    0) (   0,    0) (   0,    0) (   0,    0)
          (   0,    0) (   0,    0) (   0,    0) (   0,    0) (   0,    0) (   0,    0) (   0,    0) (   0,    0) (   0,    0) (   0,    0)
          (   0,    0) (   0,    0) (   0,    0) (   0,    0) (   0,    0) (   0,    0) (   0,    0) (   0,    0) (   0,    0) (   0,    0)
          (   0,    0) (   0,    0) (   0,    0) (   0,    0) (   0,    0) (   0,    0) (   0,    0) (   0,    0) (   0,    0) (   0,    0)
          (   0,    0) (   0,    0) (   0,    0) (   0,    0) (   0,    0) (   0,    0) (   0,    0) (   0,    0) (   0,    0) (   0,    0)
          (   0,    0) (   0,    0) (   0,    0) (   0,    0) (   0,    0) (   0,    0) (   0,    0) (   0,    0) (   0,    0) (   0,    0)
         
node   6 sent_total    199  recv_total    197

node   7  (   0,    0) (   1,    0) (   0,    0) (   1,    1) (   1,    0) (   2,    2) (   1,    1) (   3,    3) (   3,    3) (   2,    2)
          (   1,    1) (   1,    1) (   2,    2) (   2,    2) (   4,    4) (   2,    2) (   1,    1) (   1,    1) (   3,    3) (   1,    1)
          (   1,    1) (   1,    1) (   1,    1) (   1,    1) (   3,    3) (   2,    2) (   1,    1) (   2,    2) (   3,    3) (   3,    3)
          (   2,    2) (   1,    1) (   1,    1) (   1,    1) (   1,    1) (   4,    4) (   5,    5) (   4,    4) (   3,    3) (   2,    2)
          (   1,    1) (   1,    1) (   2,    2) (   3,    3) (   5,    5) (   2,    2) (   3,    3) (   3,    3) (   2,    2) (   2,    2)
          (   2,    2) (   1,    1) (   1,    1) (   1,    1) (   2,    2) (   4,    4) (   1,    1) (   4,    4) (   2,    2) (   2,    2)
          (   1,    1) (   1,    1) (   2,    2) (   2,    2) (   4,    4) (   1,    1) (   1,    1) (   1,    1) (   2,    2) (   2,    2)
          (   2,    2) (   2,    2) (   1,    1) (   3,    3) (   2,    2) (   2,    2) (   1,    1) (   1,    1) (   2,    2) (   1,    1)
          (   2,    2) (   1,    1) (   2,    2) (   1,    1) (   2,    2) (   4,    4) (   1,    1) (   3,    3) (   2,    2) (   1,    1)
          (   2,    2) (   3,    3) (   2,    2) (   2,    2) (   3,    3) (   1,    1) (   1,    1) (   2,    2) (   1,    1) (   2,    2)
          (   5,    5) (   1,    1) (   2,    1) (   4,    4) (   1,    1) (   2,    2) (   1,    1) (   1,    0) (   1,    0) (   1,    0)
          (   1,    1) (   2,    1) (   2,    1) (   1,    0) (   1,    1) (   2,    2) (   1,    0) (   1,    1) (   1,    0) (   1,    0)
          (   1,    0) (   1,    1) (   1,    1) (   1,    0) (   2,    2) (   1,    1) (   3,    3) (   1,    1) (   1,    1) (   4,    4)
          (   1,    1) (   2,    2) (   2,    2) (   2,    2) (   1,    1) (   4,    4) (   3,    3) (   1,    1) (   3,    3) (   2,    2)
          (   2,    2) (   5,    5) (   1,    1) (   2,    2) (   2,    2) (   1,    1) (   2,    2) (   2,    2) (   1,    1) (   2,    2)
          (   2,    2) (   3,    3) (   1,    1) (   3,    3) (   3,    3) (   3,    3) (   1,    1) (   2,    2) (   2,    2) (   3,    3)
          (   2,    2) (   1,    1) (   4,    4) (   1,    1) (   1,    1) (   2,    2) (   1,    1) (   2,    2) (   1,    1) (   1,    1)
          (   1,    1) (   2,    2) (   2,    2) (   1,    1) (   2,    2) (   1,    1) (   3,    3) (   3,    3) (   2,    2) (   3,    3)
          (   3,    3) (   2,    2) (   3,    3) (   1,    1) (   3,    3) (   3,    3) (   1,    1) (   3,    3) (   1,    1) (   2,    2)
          (   2,    2) (   3,    3) (   1,    1) (   1,    1) (   2,    2) (   2,    2) (   1,    1) (   2,    2) (   3,    3) (   4,    4)
          (   2,    2) (   2,    2) (   2,    2) (   1,    1) (   3,    3) (   1,    1) (   1,    1) (   1,    1) (   1,    1) (   2,    2)
          (   3,    3) (   2,    2) (   4,    4) (   2,    2) (   3,    3) (   2,    2) (   3,    3) (   2,    2) (   3,    3) (   2,    2)
          (   2,    2) (   2,    2) (   2,    2) (   1,    1) (   3,    3) (   3,    3) (   2,    2) (   2,    2) (   4,    4) (   1,    1)
          (   3,    3) (   3,    3) (   1,    1) (   2,    2) (   2,    2) (   3,    3) (   3,    3) (   2,    2) (   2,    2) (   2,    2)
          (   1,    1) (   2,    2) (   2,    2) (   1,    1) (   3,    3) (   3,    3) (   2,    2) (   3,    3) (   2,    2) (   3,    3)
          (   1,    1) (   2,    2) (   2,    2) (   1,    1) (   2,    2) (   2,    2) (   2,    2) (   3,    3) (   5,    5) (   1,    1)
          (   1,    1) (   2,    2) (   2,    2) (   1,    1) (   1,    1) (   3,    3) (   2,    2) (   1,    1) (   2,    2) (   2,    2)
          (   2,    2) (   1,    1) (   2,    2) (   3,    3) (   2,    2) (   1,    1) (   1,    1) (   2,    2) (   1,    1) (   3,    3)
          (   1,    1) (   3,    3) (   1,    1) (   1,    1) (   3,    3) (   3,    3) (   1,    1) (   2,    2) (   2,    2) (   2,    2)
          (   1,    1) (   1,    1) (   3,    3) (   2,    2) (   2,    2) (   2,    2) (   2,    2) (   1,    1) (   1,    1) (   4,    4)
          (   3,    3) (   2,    2) (   1,    1) (   2,    2) (   4,    4) (   2,    2) (   1,    1) (   2,    2) (   2,    2) (   2,    2)
          (   2,    2) (   1,    1) (   3,    3) (   1,    1) (   3,    3) (   3,    3) (   2,    2) (   1,    1) (   3,    3) (   2,    2)
          (   1,    1) (   2,    2) (   4,    4) (   1,    1) (   2,    2) (   2,    2) (   1,    1) (   4,    4) (   1,    1) (   3,    3)
          (   2,    2) (   3,    3) (   2,    2) (   4,    4) (   1,    1) (   3,    3) (   2,    2) (   1,    1) (   3,    3) (   5,    5)
          (   2,    2) (   3,    3) (   2,    2) (   5,    5) (   2,    2) (   2,    2) (   4,    4) (   2,    2) (   4,    4) (   2,    2)
          (   2,    2) (   1,    1) (   3,    3) (   3,    3) (   2,    2) (   2,    2) (   5,    5) (   1,    1) (   2,    2) (   1,    1)
          (   1,    1) (   2,    2) (   4,    4) (   1,    1) (   3,    3) (   3,    3) (   1,    1) (   3,    3) (   3,    3) (   1,    1)
          (   3,    3) (   1,    1) (   2,    2) (   1,    1) (   1,    1) (   3,    3) (   4,    4) (   2,    2) (   1,    1) (   3,    3)
          (   4,    4) (   1,    1) (   2,    2) (   2,    2) (   3,    3) (   2,    2) (   1,    1) (   3,    3) (   1,    1) (   2,    2)
          (   3,    3) (   1,    1) (   3,    3) (   3,    3) (   3,    3) (   3,    3) (   3,    3) (   1,    1) (   2,    2) (   1,    1)
          (   1,    1) (   1,    1) (   2,    2) (   1,    1) (   1,    1) (   3,    3) (   4,    4) (   3,    3) (   2,    2) (   2,    2)
          (   1,    1) (   2,    2) (   3,    3) (   2,    2) (   1,    1) (   3,    3) (   4,    4) (   2,    2) (   3,    3) (   2,    2)
          (   3,    3) (   2,    2) (   2,    2) (   1,    1) (   3,    3) (   2,    2) (   2,    2) (   3,    3) (   2,    2) (   3,    3)
          (   4,    4) (   3,    3) (   3,    3) (   1,    1) (   2,    2) (   1,    1) (   1,    1) (   3,    3) (   1,    1) (   1,    1)
          (   1,    1) (   2,    2) (   3,    3) (   3,    3) (   3,    3) (   2,    2) (   2,    2) (   1,    1) (   2,    2) (   2,    2)
          (   2,    2) (   3,    3) (   1,    1) (   4,    4) (   2,    2) (   1,    1) (   1,    1) (   2,    2) (   3,    3) (   3,    3)
          (   3,    3) (   1,    1) (   2,    2) (   1,    1) (   1,    1) (   2,    2) (   2,    2) (   1,    1) (   3,    3) (   1,    1)
          (   1,    1) (   2,    2) (   3,    3) (   2,    2) (   1,    1) (   1,    1) (   2,    2) (   2,    2) (   1,    1) (   2,    2)
          (   2,    2) (   3,    3) (   2,    2) (   2,    2) (   1,    1) (   1,    1) (   3,    3) (   1,    1) (   3,    3) (   2,    2)
          (   1,    1) (   3,    3) (   3,    3) (   2,    2) (   2,    2) (   3,    3) (   1,    1) (   1,    1) (   1,    1) (   1,    1)
          (   2,    2) (   2,    2) (   3,    3) (   3,    3) (   1,    1) (   2,    2) (   2,    2) (   3,    3) (   2,    2) (   2,    2)
          (   3,    3) (   2,    2) (   2,    2) (   1,    1) (   3,    3) (   2,    2) (   2,    2) (   3,    3) (   2,    2) (   2,    2)
          (   2,    2) (   3,    3) (   1,    1) (   1,    1) (   2,    2) (   2,    2) (   2,    2) (   1,    1) (   1,    1) (   2,    2)
          (   2,    2) (   2,    2) (   2,    2) (   1,    1) (   1,    1) (   2,    2) (   1,    1) (   3,    3) (   1,    1) (   1,    1)
          (   3,    3) (   1,    1) (   3,    3) (   1,    1) (   2,    2) (   3,    3) (   3,    3) (   3,    3) (   2,    2) (   3,    3)
          (   1,    1) (   1,    1) (   1,    1) (   3,    3) (   1,    1) (   2,    2) (   1,    1) (   4,    4) (   1,    1) (   3,    3)
          (   4,    4) (   1,    1) (   1,    1) (   2,    2) (   4,    4) (   4,    4) (   2,    2) (   2,    2) (   1,    1) (   1,    1)
          (   1,    1) (   4,    4) (   2,    2) (   2,    2) (   2,    2) (   3,    3) (   1,    1) (   3,    3) (   2,    2) (   3,    3)
          (   2,    2) (   1,    1) (   2,    2) (   2,    2) (   3,    3) (   3,    3) (   2,    2) (   3,    3) (   3,    3) (   1,    1)
          (   1,    1) (   2,    2) (   2,    2) (   2,    2) (   1,    1) (   3,    3) (   4,    4) (   2,    2) (   2,    2) (   1,    1)
          (   1,    1) (   2,    2) (   3,    3) (   3,    3) (   1,    1) (   2,    2) (   3,    3) (   2,    2) (   1,    1) (   2,    2)
          (   1,    1) (   2,    2) (   2,    2) (   2,    2) (   1,    1) (   1,    1) (   1,    1) (   1,    1) (   3,    3) (   3,    3)
          (   2,    2) (   4,    4) (   2,    2) (   2,    2) (   2,    2) (   3,    3) (   1,    1) (   2,    2) (   4,    4) (   2,    2)
          (   2,    2) (   3,    3) (   2,    2) (   1,    1) (   2,    2) (   1,    1) (   4,    4) (   2,    2) (   2,    2) (   1,    1)
          (   2,    2) (   3,    3) (   2,    2) (   3,    3) (   1,    1) (   1,    1) (   1,    1) (   2,    2) (   2,    2) (   1,    1)
          (   2,    2) (   2,    2) (   2,    2) (   2,    2) (   2,    2) (   3,    3) (   1,    1) (   2,    2) (   1,    1) (   1,    1)
          (   1,    1) (   2,    2) (   3,    3) (   1,    1) (   2,    2) (   1,    1) (   4,    4) (   2,    2) (   2,    2) (   2,    2)
          (   5,    5) (   2,    2) (   4,    4) (   1,    1) (   1,    1) (   2,    2) (   1,    1) (   3,    3) (   1,    1) (   4,    4)
          (   2,    2) (   3,    3) (   3,    3) (   1,    1) (   2,    2) (   3,    3) (   3,    3) (   2,    2) (   3,    3) (   2,    2)
          (   1,    1) (   1,    1) (   3,    3) (   3,    3) (   2,    2) (   3,    3) (   1,    1) (   1,    1) (   3,    3) (   2,    2)
         
node   7 sent_total   1422  recv_total   1408

node   8  (   0,    0) (   1,    0) (   0,    0) (   1,    1) (   1,    0) (   1,    1) (   3,    3) (   1,    1) (   2,    2) (   2,    2)
          (   2,    2) (   1,    1) (   1,    1) (   3,    3) (   1,    1) (   2,    2) (   3,    3) (   2,    2) (   1,    1) (   1,    1)
          (   2,    2) (   2,    2) (   2,    2) (   2,    2) (   2,    2) (   1,    1) (   2,    2) (   1,    1) (   2,    2) (   2,    2)
          (   1,    1) (   2,    2) (   2,    2) (   2,    2) (   2,    2) (   2,    2) (   2,    2) (   2,    2) (   1,    1) (   2,    2)
          (   3,    3) (   3,    3) (   2,    2) (   1,    1) (   1,    1) (   2,    2) (   2,    2) (   1,    1) (   3,    3) (   3,    3)
          (   1,    1) (   2,    2) (   1,    1) (   2,    2) (   1,    1) (   1,    1) (   1,    1) (   1,    1) (   2,    2) (   3,    3)
          (   1,    1) (   4,    4) (   1,    1) (   1,    1) (   1,    1) (   2,    2) (   2,    2) (   2,    2) (   3,    3) (   1,    1)
          (   1,    1) (   2,    2) (   1,    1) (   1,    1) (   1,    1) (   2,    2) (   1,    1) (   3,    3) (   2,    2) (   2,    2)
          (   2,    2) (   3,    3) (   2,    2) (   1,    1) (   1,    1) (   1,    1) (   4,    4) (   3,    3) (   4,    4) (   2,    2)
          (   1,    1) (   3,    3) (   1,    1) (   2,    2) (   3,    3) (   3,    3) (   2,    2) (   1,    1) (   3,    3) (   2,    2)
          (   2,    2) (   2,    2) (   1,    1) (   1,    0) (   1,    0) (   2,    2) (   1,    1) (   1,    1) (   1,    0) (   2,    1)
          (   2,    1) (   1,    1) (   1,    0) (   2,    1) (   1,    0) (   1,    0) (   1,    0) (   1,    1) (   1,    0) (   1,    0)
          (   1,    0) (   2,    1) (   1,    0) (   1,    1) (   2,    2) (   2,    2) (   2,    1) (   2,    2) (   2,    1) (   1,    1)
          (   3,    3) (   3,    3) (   1,    1) (   2,    2) (   1,    1) (   1,    1) (   1,    1) (   3,    3) (   1,    1) (   1,    1)
          (   3,    3) (   1,    1) (   1,    1) (   3,    3) (   2,    2) (   3,    3) (   1,    1) (   1,    1) (   2,    2) (   1,    1)
          (   1,    1) (   2,    2) (   3,    3) (   2,    2) (   1,    1) (   1,    1) (   4,    4) (   3,    3) (   2,    2) (   2,    2)
          (   2,    2) (   3,    3) (   2,    2) (   3,    3) (   5,    5) (   2,    2) (   2,    2) (   2,    2) (   2,    2) (   1,    1)
          (   1,    1) (   2,    2) (   1,    1) (   2,    2) (   3,    3) (   4,    4) (   1,    1) (   1,    1) (   2,    2) (   2,    2)
          (   1,    1) (   3,    3) (   2,    2) (   1,    1) (   1,    1) (   2,    2) (   1,    1) (   3,    3) (   2,    2) (   4,    4)
          (   2,    2) (   1,    1) (   3,    3) (   2,    2) (   1,    1) (   2,    2) (   1,    1) (   1,    1) (   2,    2) (   3,    3)
          (   3,    3) (   2,    2) (   1,    1) (   1,    1) (   2,    2) (   2,    2) (   2,    2) (   2,    2) (   1,    1) (   2,    2)
          (   2,    2) (   4,    4) (   1,    1) (   2,    2) (   1,    1) (   2,    2) (   2,    2) (   3,    3) (   1,    1) (   2,    2)
          (   2,    2) (   2,    2) (   3,    3) (   2,    2) (   1,    1) (   2,    2) (   2,    2) (   1,    1) (   1,    1) (   1,    1)
          (   1,    1) (   2,    2) (   1,    1) (   4,    4) (   2,    2) (   2,    2) (   2,    2) (   1,    1) (   1,    1) (   2,    2)
          (   1,    1) (   3,    3) (   3,    3) (   1,    1) (   2,    2) (   2,    2) (   2,    2) (   2,    2) (   3,    3) (   2,    2)
          (   2,    2) (   3,    3) (   4,    4) (   3,    3) (   4,    4) (   2,    2) (   2,    2) (   1,    1) (   1,    1) (   2,    2)
          (   1,    1) (   1,    1) (   3,    3) (   4,    4) (   1,    1) (   1,    1) (   2,    2) (   2,    2) (   3,    3) (   2,    2)
          (   3,    3) (   2,    2) (   3,    3) (   1,    1) (   2,    2) (   3,    3) (   3,    3) (   2,    2) (   2,    2) (   1,    1)
          (   3,    3) (   3,    3) (   1,    1) (   2,    2) (   2,    2) (   1,    1) (   2,    2) (   2,    2) (   1,    1) (   3,    3)
          (   1,    1) (   3,    3) (   1,    1) (   2,    2) (   2,    2) (   3,    3) (   5,    5) (   2,    2) (   3,    3) (   1,    1)
          (   1,    1) (   3,    3) (   1,    1) (   1,    1) (   2,    2) (   2,    2) (   1,    1) (   2,    2) (   2,    2) (   2,    2)
          (   1,    1) (   2,    2) (   3,    3) (   3,    3) (   1,    1) (   1,    1) (   2,    2) (   5,    5) (   2,    2) (   2,    2)
          (   2,    2) (   4,    4) (   1,    1) (   4,    4) (   4,    4) (   3,    3) (   3,    3) (   2,    2) (   2,    2) (   2,    2)
          (   2,    2) (   3,    3) (   3,    3) (   2,    2) (   5,    5) (   3,    3) (   4,    4) (   2,    2) (   3,    3) (   1,    1)
          (   1,    1) (   1,    1) (   1,    1) (   1,    1) (   2,    2) (   2,    2) (   1,    1) (   3,    3) (   1,    1) (   1,    1)
          (   1,    1) (   2,    2) (   1,    1) (   3,    3) (   4,    4) (   1,    1) (   1,    1) (   3,    3) (   2,    2) (   1,    1)
          (   2,    2) (   2,    2) (   2,    2) (   1,    1) (   3,    3) (   2,    2) (   1,    1) (   1,    1) (   1,    1) (   3,    3)
          (   2,    2) (   1,    1) (   1,    1) (   2,    2) (   2,    2) (   2,    2) (   1,    1) (   2,    2) (   2,    2) (   3,    3)
          (   1,    1) (   4,    4) (   1,    1) (   4,    4) (   2,    2) (   1,    1) (   3,    3) (   2,    2) (   2,    2) (   2,    2)
          (   2,    2) (   2,    2) (   2,    2) (   1,    1) (   2,    2) (   2,    2) (   1,    1) (   1,    1) (   3,    3) (   2,    2)
          (   2,    2) (   3,    3) (   4,    4) (   3,    3) (   2,    2) (   1,    1) (   1,    1) (   2,    2) (   2,    2) (   1,    1)
          (   4,    4) (   1,    1) (   3,    3) (   3,    3) (   3,    3) (   1,    1) (   1,    1) (   1,    1) (   2,    2) (   2,    2)
          (   1,    1) (   4,    4) (   1,    1) (   1,    1) (   2,    2) (   3,    3) (   3,    3) (   2,    2) (   2,    2) (   2,    2)
          (   1,    1) (   3,    3) (   1,    1) (   1,    1) (   1,    1) (   1,    1) (   3,    3) (   2,    2) (   2,    2) (   2,    2)
          (   3,    3) (   2,    2) (   2,    2) (   1,    1) (   3,    3) (   1,    1) (   2,    2) (   2,    2) (   2,    2) (   1,    1)
          (   1,    1) (   2,    2) (   1,    1) (   1,    1) (   1,    1) (   4,    4) (   1,    1) (   2,    2) (   1,    1) (   1,    1)
          (   2,    2) (   2,    2) (   1,    1) (   1,    1) (   1,    1) (   2,    2) (   2,    2) (   2,    2) (   1,    1) (   2,    2)
          (   2,    2) (   2,    2) (   2,    2) (   1,    1) (   2,    2) (   2,    2) (   2,    2) (   2,    2) (   2,    2) (   2,    2)
          (   3,    3) (   2,    2) (   2,    2) (   1,    1) (   3,    3) (   5,    5) (   2,    2) (   5,    5) (   1,    1) (   4,    4)
          (   2,    2) (   1,    1) (   1,    1) (   3,    3) (   1,    1) (   3,    3) (   2,    2) (   3,    3) (   2,    2) (   2,    2)
          (   2,    2) (   2,    2) (   1,    1) (   1,    1) (   2,    2) (   2,    2) (   3,    3) (   2,    2) (   2,    2) (   2,    2)
          (   1,    1) (   2,    2) (   1,    1) (   1,    1) (   2,    2) (   2,    2) (   1,    1) (   3,    3) (   1,    1) (   1,    1)
          (   1,    1) (   1,    1) (   2,    2) (   3,    3) (   2,    2) (   2,    2) (   4,    4) (   2,    2) (   4,    4) (   4,    4)
          (   2,    2) (   1,    1) (   3,    3) (   2,    2) (   1,    1) (   3,    3) (   2,    2) (   1,    1) (   2,    2) (   3,    3)
          (   2,    2) (   2,    2) (   1,    1) (   3,    3) (   2,    2) (   1,    1) (   1,    1) (   1,    1) (   2,    2) (   2,    2)
          (   4,    4) (   4,    4) (   2,    2) (   2,    2) (   2,    2) (   3,    3) (   1,    1) (   2,    2) (   2,    2) (   2,    2)
          (   1,    1) (   1,    1) (   2,    2) (   1,    1) (   1,    1) (   1,    1) (   3,    3) (   1,    1) (   1,    1) (   1,    1)
          (   1,    1) (   2,    2) (   1,    1) (   3,    3) (   1,    1) (   2,    2) (   2,    2) (   1,    1) (   3,    3) (   2,    2)
          (   2,    2) (   3,    3) (   1,    1) (   3,    3) (   1,    1) (   2,    2) (   3,    3) (   2,    2) (   1,    1) (   2,    2)
          (   3,    3) (   2,    2) (   1,    1) (   1,    1) (   3,    3) (   2,    2) (   1,    1) (   2,    2) (   1,    1) (   1,    1)
          (   3,    3) (   3,    3) (   1,    1) (   2,    2) (   3,    3) (   1,    1) (   1,    1) (   2,    2) (   1,    1) (   3,    3)
          (   3,    3) (   3,    3) (   2,    2) (   1,    1) (   4,    4) (   3,    3) (   2,    2) (   3,    3) (   1,    1) (   3,    3)
          (   1,    1) (   1,    1) (   2,    2) (   3,    3) (   2,    2) (   2,    2) (   3,    3) (   1,    1) (   1,    1) (   2,    2)
          (   1,    1) (   1,    1) (   2,    2) (   2,    2) (   2,    2) (   4,    4) (   1,    1) (   2,    2) (   2,    2) (   1,    1)
          (   1,    1) (   2,    2) (   2,    2) (   3,    3) (   2,    2) (   3,    3) (   3,    3) (   2,    2) (   3,    3) (   1,    1)
          (   3,    3) (   1,    1) (   3,    3) (   2,    2) (   4,    4) (   1,    1) (   1,    1) (   3,    3) (   2,    2) (   3,    3)
          (   3,    3) (   3,    3) (   1,    1) (   3,    3) (   2,    2) (   1,    1) (   1,    1) (   3,    3) (   3,    3) (   1,    1)
          (   2,    2) (   1,    1) (   2,    2) (   3,    3) (   2,    2) (   4,    4) (   1,    1) (   1,    1) (   3,    3) (   2,    2)
          (   1,    1) (   1,    1) (   2,    2) (   1,    1) (   3,    3) (   1,    1) (   1,    1) (   2,    2) (   2,    2) (   2,    2)
          (   3,    3) (   1,    1) (   3,    3) (   2,    2) (   1,    1) (   1,    1) (   2,    2) (   1,    1) (   2,    2) (   1,    1)
         
node   8 sent_total   1350  recv_total   1331

node   9  (   0,    0) (   0,    0) (   1,    0) (   0,    0) (   2,    2) (   1,    0) (   2,    2) (   1,    1) (   1,    1) (   2,    2)
          (   1,    1) (   5,    5) (   1,    1) (   1,    1) (   1,    1) (   2,    2) (   1,    1) (   1,    1) (   1,    1) (   2,    2)
          (   2,    2) (   3,    3) (   3,    3) (   2,    2) (   2,    2) (   1,    1) (   2,    2) (   1,    1) (   2,    2) (   1,    1)
          (   1,    1) (   3,    3) (   2,    2) (   1,    1) (   2,    2) (   1,    1) (   1,    1) (   1,    1) (   1,    1) (   3,    3)
          (   2,    2) (   4,    4) (   3,    3) (   1,    1) (   1,    1) (   1,    1) (   1,    1) (   1,    1) (   2,    2) (   3,    3)
          (   3,    3) (   2,    2) (   4,    4) (   2,    2) (   1,    1) (   1,    1) (   3,    3) (   1,    1) (   1,    1) (   1,    1)
          (   2,    2) (   2,    2) (   2,    2) (   3,    3) (   1,    1) (   2,    2) (   1,    1) (   1,    1) (   3,    3) (   2,    2)
          (   2,    2) (   2,    2) (   2,    2) (   1,    1) (   3,    3) (   4,    4) (   3,    3) (   1,    1) (   1,    1) (   1,    1)
          (   2,    2) (   2,    2) (   2,    2) (   2,    2) (   3,    3) (   3,    3) (   2,    2) (   2,    2) (   1,    1) (   2,    2)
          (   1,    1) (   2,    2) (   2,    2) (   2,    2) (   2,    2) (   3,    3) (   3,    3) (   1,    1) (   3,    3) (   2,    2)
          (   3,    3) (   2,    2) (   2,    1) (   1,    0) (   4,    4) (   1,    1) (   3,    3) (   1,    0) (   1,    1) (   2,    1)
          (   1,    1) (   1,    1) (   1,    0) (   1,    1) (   2,    1) (   1,    1) (   2,    2) (   2,    1) (   1,    1) (   1,    0)
          (   2,    2) (   1,    0) (   2,    1) (   2,    2) (   1,    0) (   1,    1) (   1,    1) (   2,    2) (   1,    1) (   2,    2)
          (   3,    3) (   1,    1) (   1,    1) (   1,    1) (   1,    1) (   3,    3) (   3,    3) (   2,    2) (   1,    1) (   3,    3)
          (   1,    1) (   2,    2) (   2,    2) (   2,    2) (   3,    3) (   3,    3) (   2,    2) (   2,    2) (   2,    2) (   2,    2)
          (   3,    3) (   3,    3) (   2,    2) (   1,    1) (   2,    2) (   1,    1) (   1,    1) (   1,    1) (   2,    2) (   2,    2)
          (   3,    3) (   1,    1) (   1,    1) (   1,    1) (   1,    1) (   3,    3) (   2,    2) (   1,    1) (   3,    3) (   3,    3)
          (   1,    1) (   2,    2) (   3,    3) (   2,    2) (   1,    1) (   1,    1) (   3,    3) (   4,    4) (   2,    2) (   2,    2)
          (   1,    1) (   2,    2) (   2,    2) (   3,    3) (   1,    1) (   1,    1) (   3,    3) (   1,    1) (   3,    3) (   1,    1)
          (   2,    2) (   2,    2) (   3,    3) (   3,    3) (   2,    2) (   1,    1) (   5,    5) (   2,    2) (   1,    1) (   1,    1)
          (   2,    2) (   3,    3) (   2,    2) (   1,    1) (   2,    2) (   2,    2) (   3,    3) (   2,    2) (   2,    2) (   1,    1)
          (   2,    2) (   1,    1) (   1,    1) (   2,    2) (   1,    1) (   1,    1) (   2,    2) (   3,    3) (   2,    2) (   1,    1)
          (   2,    2) (   2,    2) (   1,    1) (   3,    3) (   2,    2) (   2,    2) (   3,    3) (   1,    1) (   1,    1) (   3,    3)
          (   2,    2) (   1,    1) (   4,    4) (   1,    1) (   2,    2) (   2,    2) (   1,    1) (   3,    3) (   4,    4) (   3,    3)
          (   3,    3) (   2,    2) (   1,    1) (   4,    4) (   1,    1) (   1,    1) (   2,    2) (   1,    1) (   2,    2) (   2,    2)
          (   1,    1) (   1,    1) (   2,    2) (   2,    2) (   2,    2) (   2,    2) (   1,    1) (   3,    3) (   1,    1) (   3,    3)
          (   1,    1) (   4,    4) (   2,    2) (   2,    2) (   3,    3) (   1,    1) (   1,    1) (   1,    1) (   1,    1) (   3,    3)
          (   2,    2) (   4,    4) (   1,    1) (   2,    2) (   2,    2) (   3,    3) (   1,    1) (   2,    2) (   3,    3) (   1,    1)
          (   3,    3) (   1,    1) (   4,    4) (   2,    2) (   2,    2) (   3,    3) (   3,    3) (   1,    1) (   2,    2) (   1,    1)
          (   4,    4) (   3,    3) (   1,    1) (   3,    3) (   2,    2) (   1,    1) (   1,    1) (   1,    1) (   1,    1) (   1,    1)
          (   3,    3) (   1,    1) (   3,    3) (   1,    1) (   1,    1) (   2,    2) (   2,    2) (   2,    2) (   1,    1) (   1,    1)
          (   3,    3) (   2,    2) (   1,    1) (   2,    2) (   2,    2) (   2,    2) (   1,    1) (   2,    2) (   2,    2) (   1,    1)
          (   2,    2) (   1,    1) (   1,    1) (   1,    1) (   1,    1) (   1,    1) (   1,    1) (   1,    1) (   1,    1) (   2,    2)
          (   2,    2) (   1,    1) (   2,    2) (   1,    1) (   2,    2) (   2,    2) (   1,    1) (   3,    3) (   2,    2) (   1,    1)
          (   3,    3) (   2,    2) (   2,    2) (   2,    2) (   3,    3) (   3,    3) (   2,    2) (   1,    1) (   1,    1) (   2,    2)
          (   1,    1) (   1,    1) (   1,    1) (   2,    2) (   1,    1) (   1,    1) (   1,    1) (   1,    1) (   2,    2) (   3,    3)
          (   3,    3) (   3,    3) (   1,    1) (   3,    3) (   1,    1) (   2,    2) (   2,    2) (   2,    2) (   1,    1) (   2,    2)
          (   1,    1) (   3,    3) (   2,    2) (   3,    3) (   2,    2) (   1,    1) (   1,    1) (   3,    3) (   3,    3) (   1,    1)
          (   2,    2) (   1,    1) (   2,    2) (   1,    1) (   2,    2) (   3,    3) (   3,    3) (   2,    2) (   2,    2) (   1,    1)
          (   2,    2) (   1,    1) (   1,    1) (   2,    2) (   1,    1) (   1,    1) (   2,    2) (   3,    3) (   2,    2) (   2,    2)
          (   2,    2) (   1,    1) (   2,    2) (   2,    2) (   1,    1) (   1,    1) (   1,    1) (   2,    2) (   2,    2) (   2,    2)
          (   1,    1) (   2,    2) (   1,    1) (   1,    1) (   2,    2) (   1,    1) (   1,    1) (   2,    2) (   2,    2) (   3,    3)
          (   3,    3) (   2,    2) (   2,    2) (   3,    3) (   1,    1) (   1,    1) (   1,    1) (   3,    3) (   2,    2) (   2,    2)
          (   1,    1) (   1,    1) (   1,    1) (   2,    2) (   3,    3) (   5,    5) (   3,    3) (   3,    3) (   2,    2) (   1,    1)
          (   1,    1) (   1,    1) (   2,    2) (   2,    2) (   1,    1) (   1,    1) (   1,    1) (   1,    1) (   1,    1) (   1,    1)
          (   3,    3) (   2,    2) (   3,    3) (   1,    1) (   3,    3) (   1,    1) (   5,    5) (   3,    3) (   2,    2) (   2,    2)
          (   2,    2) (   2,    2) (   1,    1) (   2,    2) (   3,    3) (   1,    1) (   2,    2) (   2,    2) (   2,    2) (   2,    2)
          (   4,    4) (   1,    1) (   3,    3) (   1,    1) (   3,    3) (   1,    1) (   2,    2) (   3,    3) (   1,    1) (   2,    2)
          (   1,    1) (   1,    1) (   2,    2) (   4,    4) (   4,    4) (   2,    2) (   3,    3) (   1,    1) (   2,    2) (   1,    1)
          (   1,    1) (   3,    3) (   2,    2) (   1,    1) (   1,    1) (   2,    2) (   3,    3) (   2,    2) (   2,    2) (   4,    4)
          (   3,    3) (   2,    2) (   2,    2) (   1,    1) (   2,    2) (   2,    2) (   1,    1) (   2,    2) (   3,    3) (   2,    2)
          (   3,    3) (   2,    2) (   4,    4) (   1,    1) (   1,    1) (   2,    2) (   2,    2) (   2,    2) (   2,    2) (   4,    4)
          (   4,    4) (   3,    3) (   2,    2) (   2,    2) (   2,    2) (   1,    1) (   1,    1) (   3,    3) (   2,    2) (   2,    2)
          (   1,    1) (   4,    4) (   2,    2) (   3,    3) (   2,    2) (   2,    2) (   1,    1) (   2,    2) (   3,    3) (   3,    3)
          (   2,    2) (   3,    3) (   2,    2) (   2,    2) (   2,    2) (   2,    2) (   2,    2) (   2,    2) (   1,    1) (   1,    1)
          (   1,    1) (   2,    2) (   3,    3) (   2,    2) (   4,    4) (   2,    2) (   4,    4) (   1,    1) (   3,    3) (   2,    2)
          (   2,    2) (   3,    3) (   3,    3) (   1,    1) (   1,    1) (   1,    1) (   2,    2) (   1,    1) (   3,    3) (   2,    2)
          (   3,    3) (   1,    1) (   1,    1) (   1,    1) (   2,    2) (   2,    2) (   4,    4) (   2,    2) (   2,    2) (   1,    1)
          (   4,    4) (   3,    3) (   3,    3) (   3,    3) (   2,    2) (   2,    2) (   1,    1) (   1,    1) (   2,    2) (   4,    4)
          (   2,    2) (   3,    3) (   3,    3) (   2,    2) (   3,    3) (   2,    2) (   3,    3) (   1,    1) (   4,    4) (   3,    3)
          (   2,    2) (   1,    1) (   2,    2) (   1,    1) (   2,    2) (   2,    2) (   1,    1) (   1,    1) (   3,    3) (   1,    1)
          (   2,    2) (   2,    2) (   2,    2) (   3,    3) (   2,    2) (   2,    2) (   3,    3) (   2,    2) (   2,    2) (   1,    1)
          (   3,    3) (   1,    1) (   1,    1) (   1,    1) (   1,    1) (   1,    1) (   1,    1) (   1,    1) (   2,    2) (   2,    2)
          (   3,    3) (   1,    1) (   3,    3) (   1,    1) (   1,    1) (   3,    3) (   1,    1) (   2,    2) (   1,    1) (   3,    3)
          (   4,    4) (   1,    1) (   1,    1) (   2,    2) (   1,    1) (   3,    3) (   1,    1) (   2,    2) (   2,    2) (   1,    1)
          (   2,    2) (   2,    2) (   1,    1) (   1,    1) (   2,    2) (   2,    2) (   3,    3) (   2,    2) (   2,    2) (   2,    2)
          (   4,    4) (   1,    1) (   1,    1) (   2,    2) (   3,    3) (   4,    4) (   3,    3) (   2,    2) (   3,    3) (   3,    3)
          (   1,    1) (   1,    1) (   1,    1) (   3,    3) (   4,    4) (   1,    1) (   2,    2) (   4,    4) (   3,    3) (   1,    1)
          (   2,    2) (   4,    4) (   2,    2) (   4,    4) (   3,    3) (   2,    2) (   2,    2) (   2,    2) (   1,    1) (   3,    3)
          (   1,    1) (   2,    2) (   1,    1) (   1,    1) (   2,    2) (   1,    1) (   3,    3) (   3,    3) (   3,    3) (   2,    2)
         
node   9 sent_total   1348  recv_total   1335

node  10  (   0,    0) (   0,    0) (   1,    0) (   0,    0) (   1,    1) (   2,    1) (   2,    2) (   2,    2) (   1,    1) (   1,    1)
          (   1,    1) (   1,    1) (   2,    2) (   1,    1) (   2,    2) (   2,    2) (   2,    2) (   2,    2) (   1,    1) (   1,    1)
          (   3,    3) (   2,    2) (   3,    3) (   2,    2) (   4,    4) (   2,    2) (   2,    2) (   3,    3) (   2,    2) (   4,    4)
          (   3,    3) (   2,    2) (   2,    2) (   3,    3) (   2,    2) (   1,    1) (   3,    3) (   2,    2) (   1,    1) (   4,    4)
          (   2,    2) (   2,    2) (   1,    1) (   2,    2) (   1,    1) (   1,    1) (   1,    1) (   3,    3) (   1,    1) (   1,    1)
          (   1,    1) (   3,    3) (   2,    2) (   3,    3) (   1,    1) (   2,    2) (   2,    2) (   1,    1) (   2,    2) (   1,    1)
          (   2,    2) (   1,    1) (   3,    3) (   3,    3) (   2,    2) (   3,    3) (   1,    1) (   2,    2) (   2,    2) (   3,    3)
          (   2,    2) (   3,    3) (   2,    2) (   1,    1) (   3,    3) (   1,    1) (   1,    1) (   2,    2) (   3,    3) (   2,    2)
          (   1,    1) (   1,    1) (   1,    1) (   2,    2) (   1,    1) (   1,    1) (   2,    2) (   2,    2) (   3,    3) (   2,    2)
          (   1,    1) (   2,    2) (   2,    2) (   2,    2) (   2,    2) (   1,    1) (   2,    2) (   2,    2) (   2,    2) (   2,    2)
          (   1,    1) (   2,    2) (   2,    2) (   1,    1) (   1,    0) (   2,    1) (   1,    0) (   1,    0) (   1,    0) (   2,    1)
          (   2,    1) (   1,    1) (   1,    0) (   1,    1) (   3,    2) (   1,    1) (   1,    0) (   1,    0) (   1,    0) (   2,    1)
          (   1,    0) (   1,    0) (   1,    0) (   1,    1) (   2,    1) (   2,    2) (   2,    1) (   3,    2) (   3,    3) (   1,    1)
          (   1,    1) (   1,    0) (   4,    4) (   2,    2) (   2,    2) (   1,    1) (   2,    2) (   2,    2) (   2,    2) (   2,    2)
          (   1,    1) (   1,    1) (   2,    2) (   2,    2) (   1,    1) (   2,    2) (   3,    3) (   2,    2) (   1,    1) (   3,    3)
          (   1,    1) (   1,    1) (   1,    1) (   3,    3) (   2,    2) (   1,    1) (   3,    3) (   2,    2) (   2,    2) (   2,    2)
          (   2,    2) (   4,    4) (   1,    1) (   2,    2) (   2,    2) (   2,    2) (   2,    2) (   2,    2) (   3,    3) (   1,    1)
          (   4,    4) (   3,    3) (   1,    1) (   3,    3) (   1,    1) (   2,    2) (   2,    2) (   1,    1) (   3,    3) (   1,    1)
          (   3,    3) (   2,    2) (   1,    1) (   3,    3) (   2,    2) (   2,    2) (   1,    1) (   2,    2) (   1,    1) (   1,    1)
          (   1,    1) (   3,    3) (   1,    1) (   1,    1) (   4,    4) (   3,    3) (   1,    1) (   1,    1) (   1,    1) (   1,    1)
          (   1,    1) (   1,    1) (   1,    1) (   4,    4) (   2,    2) (   3,    3) (   1,    1) (   2,    2) (   2,    2) (   1,    1)
          (   2,    2) (   1,    1) (   3,    3) (   1,    1) (   3,    3) (   2,    2) (   2,    2) (   1,    1) (   1,    1) (   2,    2)
          (   2,    2) (   3,    3) (   2,    2) (   3,    3) (   1,    1) (   2,    2) (   1,    1) (   4,    4) (   2,    2) (   2,    2)
          (   3,    3) (   3,    3) (   1,    1) (   1,    1) (   3,    3) (   1,    1) (   1,    1) (   1,    1) (   1,    1) (   1,    1)
          (   3,    3) (   1,    1) (   3,    3) (   3,    3) (   3,    3) (   2,    2) (   3,    3) (   2,    2) (   2,    2) (   1,    1)
          (   4,    4) (   3,    3) (   1,    1) (   2,    2) (   1,    1) (   2,    2) (   3,    3) (   2,    2) (   1,    1) (   2,    2)
          (   2,    2) (   2,    2) (   2,    2) (   2,    2) (   3,    3) (   3,    3) (   2,    2) (   4,    4) (   1,    1) (   2,    2)
          (   1,    1) (   1,    1) (   2,    2) (   2,    2) (   2,    2) (   2,    2) (   1,    1) (   1,    1) (   3,    3) (   2,    2)
          (   1,    1) (   1,    1) (   2,    2) (   1,    1) (   1,    1) (   2,    2) (   1,    1) (   2,    2) (   4,    4) (   3,    3)
          (   2,    2) (   1,    1) (   2,    2) (   2,    2) (   2,    2) (   2,    2) (   1,    1) (   5,    5) (   1,    1) (   3,    3)
          (   2,    2) (   2,    2) (   4,    4) (   3,    3) (   1,    1) (   1,    1) (   3,    3) (   2,    2) (   3,    3) (   3,    3)
          (   3,    3) (   4,    4) (   2,    2) (   2,    2) (   2,    2) (   2,    2) (   4,    4) (   1,    1) (   1,    1) (   2,    2)
          (   3,    3) (   1,    1) (   1,    1) (   2,    2) (   2,    2) (   3,    3) (   2,    2) (   2,    2) (   4,    4) (   1,    1)
          (   2,    2) (   1,    1) (   2,    2) (   1,    1) (   1,    1) (   1,    1) (   1,    1) (   1,    1) (   1,    1) (   2,    2)
          (   2,    2) (   2,    2) (   2,    2) (   1,    1) (   1,    1) (   2,    2) (   2,    2) (   1,    1) (   2,    2) (   3,    3)
          (   4,    4) (   2,    2) (   1,    1) (   1,    1) (   1,    1) (   2,    2) (   1,    1) (   1,    1) (   1,    1) (   3,    3)
          (   2,    2) (   1,    1) (   1,    1) (   2,    2) (   2,    2) (   2,    2) (   1,    1) (   3,    3) (   3,    3) (   2,    2)
          (   2,    2) (   3,    3) (   3,    3) (   2,    2) (   2,    2) (   3,    3) (   3,    3) (   2,    2) (   1,    1) (   1,    1)
          (   2,    2) (   2,    2) (   2,    2) (   1,    1) (   2,    2) (   2,    2) (   2,    2) (   2,    2) (   1,    1) (   2,    2)
          (   1,    1) (   3,    3) (   1,    1) (   2,    2) (   2,    2) (   3,    3) (   2,    2) (   3,    3) (   2,    2) (   3,    3)
          (   3,    3) (   4,    4) (   1,    1) (   2,    2) (   3,    3) (   1,    1) (   2,    2) (   2,    2) (   2,    2) (   3,    3)
          (   3,    3) (   2,    2) (   1,    1) (   1,    1) (   1,    1) (   3,    3) (   1,    1) (   3,    3) (   1,    1) (   2,    2)
          (   1,    1) (   1,    1) (   1,    1) (   2,    2) (   2,    2) (   2,    2) (   2,    2) (   1,    1) (   2,    2) (   2,    2)
          (   2,    2) (   2,    2) (   4,    4) (   2,    2) (   1,    1) (   2,    2) (   2,    2) (   1,    1) (   2,    2) (   3,    3)
          (   2,    2) (   3,    3) (   2,    2) (   3,    3) (   2,    2) (   4,    4) (   4,    4) (   2,    2) (   3,    3) (   2,    2)
          (   2,    2) (   2,    2) (   2,    2) (   2,    2) (   1,    1) (   3,    3) (   1,    1) (   2,    2) (   2,    2) (   2,    2)
          (   1,    1) (   3,    3) (   3,    3) (   4,    4) (   2,    2) (   2,    2) (   3,    3) (   2,    2) (   3,    3) (   2,    2)
          (   1,    1) (   2,    2) (   1,    1) (   4,    4) (   2,    2) (   4,    4) (   3,    3) (   2,    2) (   4,    4) (   2,    2)
          (   1,    1) (   2,    2) (   1,    1) (   1,    1) (   1,    1) (   1,    1) (   1,    1) (   2,    2) (   2,    2) (   1,    1)
          (   4,    4) (   2,    2) (   2,    2) (   3,    3) (   3,    3) (   1,    1) (   2,    2) (   2,    2) (   2,    2) (   1,    1)
          (   2,    2) (   3,    3) (   1,    1) (   2,    2) (   4,    4) (   3,    3) (   2,    2) (   2,    2) (   2,    2) (   1,    1)
          (   1,    1) (   2,    2) (   2,    2) (   4,    4) (   3,    3) (   3,    3) (   3,    3) (   1,    1) (   2,    2) (   1,    1)
          (   1,    1) (   1,    1) (   3,    3) (   2,    2) (   2,    2) (   2,    2) (   1,    1) (   2,    2) (   2,    2) (   1,    1)
          (   2,    2) (   2,    2) (   1,    1) (   3,    3) (   2,    2) (   1,    1) (   2,    2) (   3,    3) (   2,    2) (   2,    2)
          (   1,    1) (   2,    2) (   2,    2) (   1,    1) (   3,    3) (   3,    3) (   1,    1) (   2,    2) (   2,    2) (   2,    2)
          (   2,    2) (   1,    1) (   2,    2) (   2,    2) (   1,    1) (   2,    2) (   1,    1) (   1,    1) (   3,    3) (   2,    2)
          (   2,    2) (   3,    3) (   1,    1) (   3,    3) (   2,    2) (   3,    3) (   1,    1) (   2,    2) (   1,    1) (   4,    4)
          (   2,    2) (   2,    2) (   1,    1) (   3,    3) (   4,    4) (   1,    1) (   1,    1) (   2,    2) (   2,    2) (   1,    1)
          (   1,    1) (   1,    1) (   3,    3) (   1,    1) (   2,    2) (   1,    1) (   3,    3) (   2,    2) (   1,    1) (   2,    2)
          (   3,    3) (   2,    2) (   2,    2) (   3,    3) (   2,    2) (   1,    1) (   1,    1) (   1,    1) (   2,    2) (   3,    3)
          (   2,    2) (   2,    2) (   3,    3) (   3,    3) (   2,    2) (   2,    2) (   4,    4) (   3,    3) (   3,    3) (   2,    2)
          (   2,    2) (   2,    2) (   2,    2) (   1,    1) (   2,    2) (   2,    2) (   2,    2) (   1,    1) (   2,    2) (   2,    2)
          (   3,    3) (   2,    2) (   2,    2) (   2,    2) (   2,    2) (   1,    1) (   2,    2) (   4,    4) (   1,    1) (   2,    2)
          (   2,    2) (   2,    2) (   1,    1) (   3,    3) (   2,    2) (   1,    1) (   3,    3) (   2,    2) (   2,    2) (   3,    3)
          (   2,    2) (   2,    2) (   1,    1) (   1,    1) (   2,    2) (   2,    2) (   3,    3) (   1,    1) (   1,    1) (   3,    3)
          (   1,    1) (   2,    2) (   1,    1) (   2,    2) (   1,    1) (   2,    2) (   3,    3) (   2,    2) (   3,    3) (   2,    2)
          (   1,    1) (   2,    2) (   2,    2) (   1,    1) (   2,    2) (   2,    2) (   1,    1) (   1,    1) (   1,    1) (   2,    2)
          (   1,    1) (   5,    5) (   2,    2) (   1,    1) (   1,    1) (   1,    1) (   2,    2) (   1,    1) (   1,    1) (   1,    1)
          (   4,    4) (   1,    1) (   2,    2) (   2,    2) (   1,    1) (   1,    1) (   2,    2) (   3,    3) (   1,    1) (   1,    1)
          (   2,    2) (   2,    2) (   2,    2) (   2,    2) (   2,    2) (   3,    3) (   3,    3) (   2,    2) (   1,    1) (   3,    3)
         
node  10 sent_total   1353  recv_total   1331

